2024-03-27 06:26:25.879 [info] Log level: Info
2024-03-27 06:26:25.903 [info] VSCODE_MACHINE_ID: 6a7ac935-4f52-444c-9e87-7a74395ba28c
2024-03-27 06:26:25.903 [info] VSCODE_SESSION_ID: eebd4b03-aaf7-40e9-ac32-c5ca7b046e201711520781514
2024-03-27 06:26:25.903 [info] VSCODE_VERSION: 1.87.1
2024-03-27 06:26:25.903 [info] VSCODE_APP_NAME: Gitpod Code
2024-03-27 06:26:25.903 [info] VSCODE_APP_HOST: Gitpod
2024-03-27 06:26:25.903 [info] VSCODE_UI_KIND: web
2024-03-27 06:26:25.903 [info] GITPOD_WORKSPACE_CONTEXT_URL: https://github.com/freeCodeCamp/learn-celestial-bodies-database
2024-03-27 06:26:25.903 [info] GITPOD_INSTANCE_ID: 9d59e03a-30a9-4c59-9ea1-8e5db3985f79
2024-03-27 06:26:25.903 [info] GITPOD_WORKSPACE_URL: https://freecodecam-learncelest-h01lvgdjetu.ws-us110.gitpod.io
2024-03-27 06:26:25.911 [info] Gitpod Web 4e069a6
2024-03-27 06:26:25.911 [info] Reading sessions from keychain...
2024-03-27 06:26:26.115 [info] Getting sessions for all scopes...
2024-03-27 06:26:26.116 [info] Getting GitHub sessions for all scopes...
2024-03-27 06:26:26.116 [info] Getting sessions for function:accessCodeSyncStorage...
2024-03-27 06:26:26.116 [info] Got stored sessions!
2024-03-27 06:26:26.116 [info] Verified session with the following scopes: function:accessCodeSyncStorage function:closePort function:controlAdmission function:deleteEnvVar function:generateNewGitpodToken function:getDefaultWorkspaceImage function:getEnvVars function:getGitpodTokenScopes function:getIDToken function:getLoggedInUser function:getOpenPorts function:getSupportedWorkspaceClasses function:getTeams function:getToken function:getWorkspace function:getWorkspaceEnvVars function:getWorkspaceOwner function:getWorkspaceTimeout function:getWorkspaceUsers function:guessGitTokenScopes function:isWorkspaceOwner function:openPort function:sendHeartBeat function:setEnvVar function:setWorkspaceTimeout function:stopWorkspace function:takeSnapshot function:trackEvent function:updateGitStatus function:waitForSnapshot resource:contentBlob::*::create/get resource:envVar::freeCodeCamp/learn-celestial-bodies-database::create/get/update/delete resource:gitpodToken::*::create resource:snapshot::ws-freecodecam-learncelest-h01lvgdjetu::create resource:token::*::get resource:userStorage::*::create/get/update resource:workspace::freecodecam-learncelest-h01lvgdjetu::get/update resource:workspaceInstance::9d59e03a-30a9-4c59-9ea1-8e5db3985f79::get/update/delete
2024-03-27 06:26:26.116 [info] Got 1 verified sessions.
2024-03-27 06:26:26.116 [info] Got 1 sessions for all scopes...
2024-03-27 06:26:26.117 [info] Got 1 sessions for function:accessCodeSyncStorage...
2024-03-27 06:26:26.203 [info] Getting GitHub sessions for all scopes...
2024-03-27 06:26:26.207 [info] Got 1 GitHub sessions for all scopes...
2024-03-27 06:26:26.207 [info] Got 1 GitHub sessions for all scopes...
2024-03-27 06:26:26.381 [info] Getting sessions for all scopes...
2024-03-27 06:26:26.381 [info] Got 1 sessions for all scopes...
2024-03-27 06:26:26.417 [info] Getting GitHub sessions for all scopes...
2024-03-27 06:26:26.417 [info] Got 1 GitHub sessions for all scopes...
2024-03-27 06:26:27.071 [info] Getting GitHub sessions for read:user,repo,user:email,workflow...
2024-03-27 06:26:27.071 [info] Got 1 GitHub sessions for read:user,repo,user:email,workflow...
2024-03-27 06:26:27.727 [info] Getting GitHub sessions for project,read:org,read:user,repo,user:email,workflow...
2024-03-27 06:26:27.727 [info] Got 0 GitHub sessions for project,read:org,read:user,repo,user:email,workflow...
2024-03-27 06:26:27.941 [info] Getting GitHub sessions for read:user,repo,user:email,workflow...
2024-03-27 06:26:27.941 [info] Got 1 GitHub sessions for read:user,repo,user:email,workflow...
2024-03-27 06:26:28.299 [info] Getting GitHub sessions for read:user,repo,user:email,workflow...
2024-03-27 06:26:28.299 [info] Got 1 GitHub sessions for read:user,repo,user:email,workflow...
2024-03-27 06:26:28.637 [info] Getting GitHub sessions for read:user,repo,user:email,workflow...
2024-03-27 06:26:28.637 [info] Got 1 GitHub sessions for read:user,repo,user:email,workflow...
2024-03-27 06:32:46.412 [info] Getting GitHub sessions for read:user,repo,user:email,workflow...
2024-03-27 06:32:46.412 [info] Got 1 GitHub sessions for read:user,repo,user:email,workflow...
