2024-03-27 05:11:30.413 [info] Extension host with pid 656 started
2024-03-27 05:11:30.421 [info] Lock '/workspace/.vscode-remote/data/User/workspaceStorage/56457fa4/vscode.lock': Lock acquired.
2024-03-27 05:11:30.616 [info] ExtensionService#_doActivateExtension gitpod.gitpod-web, startup: false, activationEvent: 'onAuthenticationRequest:gitpod'
2024-03-27 05:11:31.167 [info] ExtensionService#_doActivateExtension vscode.git-base, startup: true, activationEvent: '*', root cause: vscode.git
2024-03-27 05:11:31.357 [info] ExtensionService#_doActivateExtension vscode.git, startup: true, activationEvent: '*'
2024-03-27 05:11:31.357 [info] ExtensionService#_doActivateExtension vscode.github, startup: true, activationEvent: '*'
2024-03-27 05:11:31.646 [info] Eager extensions activated
2024-03-27 05:11:31.646 [info] ExtensionService#_doActivateExtension vscode.debug-auto-launch, startup: false, activationEvent: 'onStartupFinished'
2024-03-27 05:11:31.646 [info] ExtensionService#_doActivateExtension vscode.merge-conflict, startup: false, activationEvent: 'onStartupFinished'
2024-03-27 05:11:31.646 [info] ExtensionService#_doActivateExtension vscode.github-authentication, startup: false, activationEvent: 'onStartupFinished', root cause: GitHub.vscode-pull-request-github
2024-03-27 05:11:31.746 [info] ExtensionService#_doActivateExtension redhat.vscode-yaml, startup: false, activationEvent: 'onLanguage:yaml'
2024-03-27 05:11:31.747 [info] ExtensionService#_doActivateExtension vscode.emmet, startup: false, activationEvent: 'onLanguage'
2024-03-27 05:11:31.910 [info] ExtensionService#_doActivateExtension GitHub.vscode-pull-request-github, startup: false, activationEvent: 'onStartupFinished'
2024-03-27 05:11:32.346 [warning] [redhat.vscode-yaml] Accessing a resource scoped configuration without providing a resource is not expected. To get the effective value for '[yaml]', provide the URI of a resource or 'null' for any resource.
2024-03-27 05:11:32.347 [warning] [redhat.vscode-yaml] Accessing a resource scoped configuration without providing a resource is not expected. To get the effective value for '[yaml]', provide the URI of a resource or 'null' for any resource.
2024-03-27 05:11:32.974 [info] ExtensionService#_doActivateExtension vscode.json-language-features, startup: false, activationEvent: 'onLanguage:jsonc'
2024-03-27 05:11:32.974 [info] ExtensionService#_doActivateExtension vscode.typescript-language-features, startup: false, activationEvent: 'onLanguage:jsonc'
2024-03-27 05:11:33.903 [warning] [redhat.vscode-yaml] Accessing a resource scoped configuration without providing a resource is not expected. To get the effective value for '[yaml]', provide the URI of a resource or 'null' for any resource.
2024-03-27 05:11:38.429 [info] ExtensionService#_doActivateExtension CodeRoad.coderoad, startup: false, activationEvent: 'onCommand:coderoad.start'
2024-03-27 06:05:13.922 [warning] [redhat.vscode-yaml] Accessing a resource scoped configuration without providing a resource is not expected. To get the effective value for '[yaml]', provide the URI of a resource or 'null' for any resource.
2024-03-27 06:17:28.125 [info] ExtensionService#_doActivateExtension vscode.extension-editing, startup: false, activationEvent: 'onLanguage:json'
2024-03-27 06:17:28.125 [info] ExtensionService#_doActivateExtension vscode.npm, startup: false, activationEvent: 'onLanguage:json'
2024-03-27 06:21:28.681 [info] ExtensionService#_doActivateExtension vscode.simple-browser, startup: false, activationEvent: 'onOpenExternalUri:https'
2024-03-27 06:26:19.693 [info] Extension host terminating: received terminate message from renderer
2024-03-27 06:26:19.694 [info] Lock '/workspace/.vscode-remote/data/User/workspaceStorage/56457fa4/vscode.lock': Marking the lockfile as scheduled to be released in 6000 ms.
2024-03-27 06:26:19.716 [error] Canceled: Canceled
	at new $ (/ide/out/vs/workbench/api/node/extensionHostProcess.js:140:45885)
	at s.U (/ide/out/vs/workbench/api/node/extensionHostProcess.js:147:5556)
	at z.<computed>.T.charCodeAt.z.<computed> (/ide/out/vs/workbench/api/node/extensionHostProcess.js:147:3007)
	at u.g (/ide/out/vs/workbench/api/node/extensionHostProcess.js:150:184303)
	at u.executeCommand (/ide/out/vs/workbench/api/node/extensionHostProcess.js:150:183741)
	at f.registerCommand.description (/ide/out/vs/workbench/api/node/extensionHostProcess.js:150:183065)
	at u.h (/ide/out/vs/workbench/api/node/extensionHostProcess.js:150:184842)
	at u.g (/ide/out/vs/workbench/api/node/extensionHostProcess.js:150:183834)
	at u.executeCommand (/ide/out/vs/workbench/api/node/extensionHostProcess.js:150:183741)
	at Object.executeCommand (/ide/out/vs/workbench/api/node/extensionHostProcess.js:160:21654)
	at b.O [as value] (/ide/extensions/git/dist/main.js:2:943479)
	at n.y (/ide/out/vs/workbench/api/node/extensionHostProcess.js:80:1902)
	at n.z (/ide/out/vs/workbench/api/node/extensionHostProcess.js:80:1972)
	at n.fire (/ide/out/vs/workbench/api/node/extensionHostProcess.js:80:2188)
	at Object.m [as dispose] (/ide/extensions/git/dist/main.js:2:962791)
	at /ide/extensions/git/dist/main.js:2:968825
	at Array.forEach (<anonymous>)
	at f.dispose (/ide/extensions/git/dist/main.js:2:968811)
	at l.<anonymous> (/ide/out/vs/workbench/api/node/extensionHostProcess.js:148:3704)
	at l.dispose (/ide/out/vs/workbench/api/node/extensionHostProcess.js:148:3801)
	at l.<anonymous> (/ide/extensions/git/dist/main.js:2:945736)
	at l.dispose (/ide/out/vs/workbench/api/node/extensionHostProcess.js:148:3801)
	at o (/ide/out/vs/workbench/api/node/extensionHostProcess.js:30:754)
	at b.cb (/ide/out/vs/workbench/api/node/extensionHostProcess.js:156:9882)
	at /ide/out/vs/workbench/api/node/extensionHostProcess.js:156:7816
	at Array.map (<anonymous>)
	at b.Y (/ide/out/vs/workbench/api/node/extensionHostProcess.js:156:7803)
	at b.terminate (/ide/out/vs/workbench/api/node/extensionHostProcess.js:156:8076)
	at o.terminate (/ide/out/vs/workbench/api/node/extensionHostProcess.js:160:1513)
	at t (/ide/out/vs/workbench/api/node/extensionHostProcess.js:173:9949)
	at b.value (/ide/out/vs/workbench/api/node/extensionHostProcess.js:173:7996)
	at n.y (/ide/out/vs/workbench/api/node/extensionHostProcess.js:80:1902)
	at n.fire (/ide/out/vs/workbench/api/node/extensionHostProcess.js:80:2119)
	at r.fire (/ide/out/vs/workbench/api/node/extensionHostProcess.js:105:14091)
	at u.z (/ide/out/vs/workbench/api/node/extensionHostProcess.js:105:17156)
	at b.value (/ide/out/vs/workbench/api/node/extensionHostProcess.js:105:15608)
	at n.y (/ide/out/vs/workbench/api/node/extensionHostProcess.js:80:1902)
	at n.fire (/ide/out/vs/workbench/api/node/extensionHostProcess.js:80:2119)
	at b.acceptChunk (/ide/out/vs/workbench/api/node/extensionHostProcess.js:105:11865)
	at b.value (/ide/out/vs/workbench/api/node/extensionHostProcess.js:105:11152)
	at n.y (/ide/out/vs/workbench/api/node/extensionHostProcess.js:80:1902)
	at n.fire (/ide/out/vs/workbench/api/node/extensionHostProcess.js:80:2119)
	at n.z (/ide/out/vs/workbench/api/node/extensionHostProcess.js:170:19748) setContext undefined
2024-03-27 06:26:19.717 [error] Canceled: Canceled
	at new $ (/ide/out/vs/workbench/api/node/extensionHostProcess.js:140:45885)
	at s.U (/ide/out/vs/workbench/api/node/extensionHostProcess.js:147:5556)
	at z.<computed>.T.charCodeAt.z.<computed> (/ide/out/vs/workbench/api/node/extensionHostProcess.js:147:3007)
	at u.g (/ide/out/vs/workbench/api/node/extensionHostProcess.js:150:184303)
	at u.executeCommand (/ide/out/vs/workbench/api/node/extensionHostProcess.js:150:183741)
	at f.registerCommand.description (/ide/out/vs/workbench/api/node/extensionHostProcess.js:150:183065)
	at u.h (/ide/out/vs/workbench/api/node/extensionHostProcess.js:150:184842)
	at u.g (/ide/out/vs/workbench/api/node/extensionHostProcess.js:150:183834)
	at u.executeCommand (/ide/out/vs/workbench/api/node/extensionHostProcess.js:150:183741)
	at Object.executeCommand (/ide/out/vs/workbench/api/node/extensionHostProcess.js:160:21654)
	at set hasGitHubRepositories [as hasGitHubRepositories] (/ide/extensions/github/dist/extension.js:2:325214)
	at /ide/extensions/github/dist/extension.js:2:326173
	at b.value (/ide/extensions/git/dist/main.js:2:1050811)
	at n.y (/ide/out/vs/workbench/api/node/extensionHostProcess.js:80:1902)
	at n.z (/ide/out/vs/workbench/api/node/extensionHostProcess.js:80:1972)
	at n.fire (/ide/out/vs/workbench/api/node/extensionHostProcess.js:80:2188)
	at Object.m [as dispose] (/ide/extensions/git/dist/main.js:2:962791)
	at /ide/extensions/git/dist/main.js:2:968825
	at Array.forEach (<anonymous>)
	at f.dispose (/ide/extensions/git/dist/main.js:2:968811)
	at l.<anonymous> (/ide/out/vs/workbench/api/node/extensionHostProcess.js:148:3704)
	at l.dispose (/ide/out/vs/workbench/api/node/extensionHostProcess.js:148:3801)
	at l.<anonymous> (/ide/extensions/git/dist/main.js:2:945736)
	at l.dispose (/ide/out/vs/workbench/api/node/extensionHostProcess.js:148:3801)
	at o (/ide/out/vs/workbench/api/node/extensionHostProcess.js:30:754)
	at b.cb (/ide/out/vs/workbench/api/node/extensionHostProcess.js:156:9882)
	at /ide/out/vs/workbench/api/node/extensionHostProcess.js:156:7816
	at Array.map (<anonymous>)
	at b.Y (/ide/out/vs/workbench/api/node/extensionHostProcess.js:156:7803)
	at b.terminate (/ide/out/vs/workbench/api/node/extensionHostProcess.js:156:8076)
	at o.terminate (/ide/out/vs/workbench/api/node/extensionHostProcess.js:160:1513)
	at t (/ide/out/vs/workbench/api/node/extensionHostProcess.js:173:9949)
	at b.value (/ide/out/vs/workbench/api/node/extensionHostProcess.js:173:7996)
	at n.y (/ide/out/vs/workbench/api/node/extensionHostProcess.js:80:1902)
	at n.fire (/ide/out/vs/workbench/api/node/extensionHostProcess.js:80:2119)
	at r.fire (/ide/out/vs/workbench/api/node/extensionHostProcess.js:105:14091)
	at u.z (/ide/out/vs/workbench/api/node/extensionHostProcess.js:105:17156)
	at b.value (/ide/out/vs/workbench/api/node/extensionHostProcess.js:105:15608)
	at n.y (/ide/out/vs/workbench/api/node/extensionHostProcess.js:80:1902)
	at n.fire (/ide/out/vs/workbench/api/node/extensionHostProcess.js:80:2119)
	at b.acceptChunk (/ide/out/vs/workbench/api/node/extensionHostProcess.js:105:11865)
	at b.value (/ide/out/vs/workbench/api/node/extensionHostProcess.js:105:11152)
	at n.y (/ide/out/vs/workbench/api/node/extensionHostProcess.js:80:1902)
	at n.fire (/ide/out/vs/workbench/api/node/extensionHostProcess.js:80:2119)
	at n.z (/ide/out/vs/workbench/api/node/extensionHostProcess.js:170:19748) setContext undefined
2024-03-27 06:26:19.717 [error] Canceled: Canceled
	at new $ (/ide/out/vs/workbench/api/node/extensionHostProcess.js:140:45885)
	at s.U (/ide/out/vs/workbench/api/node/extensionHostProcess.js:147:5556)
	at z.<computed>.T.charCodeAt.z.<computed> (/ide/out/vs/workbench/api/node/extensionHostProcess.js:147:3007)
	at u.g (/ide/out/vs/workbench/api/node/extensionHostProcess.js:150:184303)
	at u.executeCommand (/ide/out/vs/workbench/api/node/extensionHostProcess.js:150:183741)
	at f.registerCommand.description (/ide/out/vs/workbench/api/node/extensionHostProcess.js:150:183065)
	at u.h (/ide/out/vs/workbench/api/node/extensionHostProcess.js:150:184842)
	at u.g (/ide/out/vs/workbench/api/node/extensionHostProcess.js:150:183834)
	at u.executeCommand (/ide/out/vs/workbench/api/node/extensionHostProcess.js:150:183741)
	at Object.executeCommand (/ide/out/vs/workbench/api/node/extensionHostProcess.js:160:21654)
	at e (/workspace/.vscode-remote/extensions/github.vscode-pull-request-github-0.82.1-universal/dist/extension.js:1968:1467)
	at Object.n [as setContext] (/workspace/.vscode-remote/extensions/github.vscode-pull-request-github-0.82.1-universal/dist/extension.js:1968:1582)
	at qp.updateActiveReviewCount (/workspace/.vscode-remote/extensions/github.vscode-pull-request-github-0.82.1-universal/dist/extension.js:2031:22909)
	at qp.removeRepo (/workspace/.vscode-remote/extensions/github.vscode-pull-request-github-0.82.1-universal/dist/extension.js:2031:24054)
	at b.value (/workspace/.vscode-remote/extensions/github.vscode-pull-request-github-0.82.1-universal/dist/extension.js:2144:4217)
	at n.y (/ide/out/vs/workbench/api/node/extensionHostProcess.js:80:1902)
	at n.z (/ide/out/vs/workbench/api/node/extensionHostProcess.js:80:1972)
	at n.fire (/ide/out/vs/workbench/api/node/extensionHostProcess.js:80:2188)
	at b.value (/workspace/.vscode-remote/extensions/github.vscode-pull-request-github-0.82.1-universal/dist/extension.js:1936:446993)
	at n.y (/ide/out/vs/workbench/api/node/extensionHostProcess.js:80:1902)
	at n.fire (/ide/out/vs/workbench/api/node/extensionHostProcess.js:80:2119)
	at /workspace/.vscode-remote/extensions/github.vscode-pull-request-github-0.82.1-universal/dist/extension.js:2031:27770
	at b.value (/ide/extensions/git/dist/main.js:2:1050811)
	at n.y (/ide/out/vs/workbench/api/node/extensionHostProcess.js:80:1902)
	at n.z (/ide/out/vs/workbench/api/node/extensionHostProcess.js:80:1972)
	at n.fire (/ide/out/vs/workbench/api/node/extensionHostProcess.js:80:2188)
	at Object.m [as dispose] (/ide/extensions/git/dist/main.js:2:962791)
	at /ide/extensions/git/dist/main.js:2:968825
	at Array.forEach (<anonymous>)
	at f.dispose (/ide/extensions/git/dist/main.js:2:968811)
	at l.<anonymous> (/ide/out/vs/workbench/api/node/extensionHostProcess.js:148:3704)
	at l.dispose (/ide/out/vs/workbench/api/node/extensionHostProcess.js:148:3801)
	at l.<anonymous> (/ide/extensions/git/dist/main.js:2:945736)
	at l.dispose (/ide/out/vs/workbench/api/node/extensionHostProcess.js:148:3801)
	at o (/ide/out/vs/workbench/api/node/extensionHostProcess.js:30:754)
	at b.cb (/ide/out/vs/workbench/api/node/extensionHostProcess.js:156:9882)
	at /ide/out/vs/workbench/api/node/extensionHostProcess.js:156:7816
	at Array.map (<anonymous>)
	at b.Y (/ide/out/vs/workbench/api/node/extensionHostProcess.js:156:7803)
	at b.terminate (/ide/out/vs/workbench/api/node/extensionHostProcess.js:156:8076)
	at o.terminate (/ide/out/vs/workbench/api/node/extensionHostProcess.js:160:1513)
	at t (/ide/out/vs/workbench/api/node/extensionHostProcess.js:173:9949)
	at b.value (/ide/out/vs/workbench/api/node/extensionHostProcess.js:173:7996)
	at n.y (/ide/out/vs/workbench/api/node/extensionHostProcess.js:80:1902)
	at n.fire (/ide/out/vs/workbench/api/node/extensionHostProcess.js:80:2119)
	at r.fire (/ide/out/vs/workbench/api/node/extensionHostProcess.js:105:14091)
	at u.z (/ide/out/vs/workbench/api/node/extensionHostProcess.js:105:17156)
	at b.value (/ide/out/vs/workbench/api/node/extensionHostProcess.js:105:15608)
	at n.y (/ide/out/vs/workbench/api/node/extensionHostProcess.js:80:1902)
	at n.fire (/ide/out/vs/workbench/api/node/extensionHostProcess.js:80:2119)
	at b.acceptChunk (/ide/out/vs/workbench/api/node/extensionHostProcess.js:105:11865)
	at b.value (/ide/out/vs/workbench/api/node/extensionHostProcess.js:105:11152)
	at n.y (/ide/out/vs/workbench/api/node/extensionHostProcess.js:80:1902)
	at n.fire (/ide/out/vs/workbench/api/node/extensionHostProcess.js:80:2119)
	at n.z (/ide/out/vs/workbench/api/node/extensionHostProcess.js:170:19748) setContext undefined
2024-03-27 06:26:19.717 [error] Canceled: Canceled
	at new $ (/ide/out/vs/workbench/api/node/extensionHostProcess.js:140:45885)
	at s.U (/ide/out/vs/workbench/api/node/extensionHostProcess.js:147:5556)
	at z.<computed>.T.charCodeAt.z.<computed> (/ide/out/vs/workbench/api/node/extensionHostProcess.js:147:3007)
	at u.g (/ide/out/vs/workbench/api/node/extensionHostProcess.js:150:184303)
	at u.executeCommand (/ide/out/vs/workbench/api/node/extensionHostProcess.js:150:183741)
	at f.registerCommand.description (/ide/out/vs/workbench/api/node/extensionHostProcess.js:150:183065)
	at u.h (/ide/out/vs/workbench/api/node/extensionHostProcess.js:150:184842)
	at u.g (/ide/out/vs/workbench/api/node/extensionHostProcess.js:150:183834)
	at u.executeCommand (/ide/out/vs/workbench/api/node/extensionHostProcess.js:150:183741)
	at Object.executeCommand (/ide/out/vs/workbench/api/node/extensionHostProcess.js:160:21654)
	at e (/workspace/.vscode-remote/extensions/github.vscode-pull-request-github-0.82.1-universal/dist/extension.js:1968:1467)
	at Object.n [as setContext] (/workspace/.vscode-remote/extensions/github.vscode-pull-request-github-0.82.1-universal/dist/extension.js:1968:1582)
	at Dm.setReviewModeContexts (/workspace/.vscode-remote/extensions/github.vscode-pull-request-github-0.82.1-universal/dist/extension.js:2131:14280)
	at Dm.removePrFromView (/workspace/.vscode-remote/extensions/github.vscode-pull-request-github-0.82.1-universal/dist/extension.js:2131:14907)
	at zc.clear (/workspace/.vscode-remote/extensions/github.vscode-pull-request-github-0.82.1-universal/dist/extension.js:2012:26101)
	at zc.dispose (/workspace/.vscode-remote/extensions/github.vscode-pull-request-github-0.82.1-universal/dist/extension.js:2014:167)
	at Lm.removeReviewManager (/workspace/.vscode-remote/extensions/github.vscode-pull-request-github-0.82.1-universal/dist/extension.js:2131:45823)
	at b.value (/workspace/.vscode-remote/extensions/github.vscode-pull-request-github-0.82.1-universal/dist/extension.js:2144:4235)
	at n.y (/ide/out/vs/workbench/api/node/extensionHostProcess.js:80:1902)
	at n.z (/ide/out/vs/workbench/api/node/extensionHostProcess.js:80:1972)
	at n.fire (/ide/out/vs/workbench/api/node/extensionHostProcess.js:80:2188)
	at b.value (/workspace/.vscode-remote/extensions/github.vscode-pull-request-github-0.82.1-universal/dist/extension.js:1936:446993)
	at n.y (/ide/out/vs/workbench/api/node/extensionHostProcess.js:80:1902)
	at n.fire (/ide/out/vs/workbench/api/node/extensionHostProcess.js:80:2119)
	at /workspace/.vscode-remote/extensions/github.vscode-pull-request-github-0.82.1-universal/dist/extension.js:2031:27770
	at b.value (/ide/extensions/git/dist/main.js:2:1050811)
	at n.y (/ide/out/vs/workbench/api/node/extensionHostProcess.js:80:1902)
	at n.z (/ide/out/vs/workbench/api/node/extensionHostProcess.js:80:1972)
	at n.fire (/ide/out/vs/workbench/api/node/extensionHostProcess.js:80:2188)
	at Object.m [as dispose] (/ide/extensions/git/dist/main.js:2:962791)
	at /ide/extensions/git/dist/main.js:2:968825
	at Array.forEach (<anonymous>)
	at f.dispose (/ide/extensions/git/dist/main.js:2:968811)
	at l.<anonymous> (/ide/out/vs/workbench/api/node/extensionHostProcess.js:148:3704)
	at l.dispose (/ide/out/vs/workbench/api/node/extensionHostProcess.js:148:3801)
	at l.<anonymous> (/ide/extensions/git/dist/main.js:2:945736)
	at l.dispose (/ide/out/vs/workbench/api/node/extensionHostProcess.js:148:3801)
	at o (/ide/out/vs/workbench/api/node/extensionHostProcess.js:30:754)
	at b.cb (/ide/out/vs/workbench/api/node/extensionHostProcess.js:156:9882)
	at /ide/out/vs/workbench/api/node/extensionHostProcess.js:156:7816
	at Array.map (<anonymous>)
	at b.Y (/ide/out/vs/workbench/api/node/extensionHostProcess.js:156:7803)
	at b.terminate (/ide/out/vs/workbench/api/node/extensionHostProcess.js:156:8076)
	at o.terminate (/ide/out/vs/workbench/api/node/extensionHostProcess.js:160:1513)
	at t (/ide/out/vs/workbench/api/node/extensionHostProcess.js:173:9949)
	at b.value (/ide/out/vs/workbench/api/node/extensionHostProcess.js:173:7996)
	at n.y (/ide/out/vs/workbench/api/node/extensionHostProcess.js:80:1902)
	at n.fire (/ide/out/vs/workbench/api/node/extensionHostProcess.js:80:2119)
	at r.fire (/ide/out/vs/workbench/api/node/extensionHostProcess.js:105:14091)
	at u.z (/ide/out/vs/workbench/api/node/extensionHostProcess.js:105:17156)
	at b.value (/ide/out/vs/workbench/api/node/extensionHostProcess.js:105:15608)
	at n.y (/ide/out/vs/workbench/api/node/extensionHostProcess.js:80:1902)
	at n.fire (/ide/out/vs/workbench/api/node/extensionHostProcess.js:80:2119)
	at b.acceptChunk (/ide/out/vs/workbench/api/node/extensionHostProcess.js:105:11865)
	at b.value (/ide/out/vs/workbench/api/node/extensionHostProcess.js:105:11152)
	at n.y (/ide/out/vs/workbench/api/node/extensionHostProcess.js:80:1902)
	at n.fire (/ide/out/vs/workbench/api/node/extensionHostProcess.js:80:2119)
	at n.z (/ide/out/vs/workbench/api/node/extensionHostProcess.js:170:19748) setContext undefined
2024-03-27 06:26:19.717 [error] Canceled: Canceled
	at new $ (/ide/out/vs/workbench/api/node/extensionHostProcess.js:140:45885)
	at s.U (/ide/out/vs/workbench/api/node/extensionHostProcess.js:147:5556)
	at z.<computed>.T.charCodeAt.z.<computed> (/ide/out/vs/workbench/api/node/extensionHostProcess.js:147:3007)
	at u.g (/ide/out/vs/workbench/api/node/extensionHostProcess.js:150:184303)
	at u.executeCommand (/ide/out/vs/workbench/api/node/extensionHostProcess.js:150:183741)
	at f.registerCommand.description (/ide/out/vs/workbench/api/node/extensionHostProcess.js:150:183065)
	at u.h (/ide/out/vs/workbench/api/node/extensionHostProcess.js:150:184842)
	at u.g (/ide/out/vs/workbench/api/node/extensionHostProcess.js:150:183834)
	at u.executeCommand (/ide/out/vs/workbench/api/node/extensionHostProcess.js:150:183741)
	at Object.executeCommand (/ide/out/vs/workbench/api/node/extensionHostProcess.js:160:21654)
	at S2.reset (/workspace/.vscode-remote/extensions/github.vscode-pull-request-github-0.82.1-universal/dist/extension.js:2131:7888)
	at S2.dispose (/workspace/.vscode-remote/extensions/github.vscode-pull-request-github-0.82.1-universal/dist/extension.js:2131:8159)
	at o (/ide/out/vs/workbench/api/node/extensionHostProcess.js:30:754)
	at b.cb (/ide/out/vs/workbench/api/node/extensionHostProcess.js:156:9882)
	at /ide/out/vs/workbench/api/node/extensionHostProcess.js:156:7816
	at Array.map (<anonymous>)
	at b.Y (/ide/out/vs/workbench/api/node/extensionHostProcess.js:156:7803)
	at b.terminate (/ide/out/vs/workbench/api/node/extensionHostProcess.js:156:8076)
	at o.terminate (/ide/out/vs/workbench/api/node/extensionHostProcess.js:160:1513)
	at t (/ide/out/vs/workbench/api/node/extensionHostProcess.js:173:9949)
	at b.value (/ide/out/vs/workbench/api/node/extensionHostProcess.js:173:7996)
	at n.y (/ide/out/vs/workbench/api/node/extensionHostProcess.js:80:1902)
	at n.fire (/ide/out/vs/workbench/api/node/extensionHostProcess.js:80:2119)
	at r.fire (/ide/out/vs/workbench/api/node/extensionHostProcess.js:105:14091)
	at u.z (/ide/out/vs/workbench/api/node/extensionHostProcess.js:105:17156)
	at b.value (/ide/out/vs/workbench/api/node/extensionHostProcess.js:105:15608)
	at n.y (/ide/out/vs/workbench/api/node/extensionHostProcess.js:80:1902)
	at n.fire (/ide/out/vs/workbench/api/node/extensionHostProcess.js:80:2119)
	at b.acceptChunk (/ide/out/vs/workbench/api/node/extensionHostProcess.js:105:11865)
	at b.value (/ide/out/vs/workbench/api/node/extensionHostProcess.js:105:11152)
	at n.y (/ide/out/vs/workbench/api/node/extensionHostProcess.js:80:1902)
	at n.fire (/ide/out/vs/workbench/api/node/extensionHostProcess.js:80:2119)
	at n.z (/ide/out/vs/workbench/api/node/extensionHostProcess.js:170:19748) setContext undefined
2024-03-27 06:26:19.720 [info] Extension host with pid 656 exiting with code 0
