2024-03-27 06:26:25.166 [info] Extension host with pid 12853 started
2024-03-27 06:26:25.173 [info] Lock '/workspace/.vscode-remote/data/User/workspaceStorage/3ff4319a/vscode.lock': Lock acquired.
2024-03-27 06:26:25.373 [info] ExtensionService#_doActivateExtension gitpod.gitpod-web, startup: false, activationEvent: 'onAuthenticationRequest:gitpod'
2024-03-27 06:26:25.913 [info] ExtensionService#_doActivateExtension vscode.git-base, startup: true, activationEvent: '*', root cause: vscode.git
2024-03-27 06:26:26.117 [info] ExtensionService#_doActivateExtension vscode.git, startup: true, activationEvent: '*'
2024-03-27 06:26:26.117 [info] ExtensionService#_doActivateExtension vscode.github, startup: true, activationEvent: '*'
2024-03-27 06:26:26.457 [info] ExtensionService#_doActivateExtension redhat.vscode-yaml, startup: false, activationEvent: 'onLanguage:yaml'
2024-03-27 06:26:26.457 [info] ExtensionService#_doActivateExtension vscode.emmet, startup: false, activationEvent: 'onLanguage'
2024-03-27 06:26:26.581 [info] Eager extensions activated
2024-03-27 06:26:26.582 [info] ExtensionService#_doActivateExtension vscode.debug-auto-launch, startup: false, activationEvent: 'onStartupFinished'
2024-03-27 06:26:26.582 [info] ExtensionService#_doActivateExtension vscode.merge-conflict, startup: false, activationEvent: 'onStartupFinished'
2024-03-27 06:26:26.582 [info] ExtensionService#_doActivateExtension vscode.github-authentication, startup: false, activationEvent: 'onStartupFinished', root cause: GitHub.vscode-pull-request-github
2024-03-27 06:26:26.795 [info] ExtensionService#_doActivateExtension GitHub.vscode-pull-request-github, startup: false, activationEvent: 'onStartupFinished'
2024-03-27 06:26:27.026 [warning] [redhat.vscode-yaml] Accessing a resource scoped configuration without providing a resource is not expected. To get the effective value for '[yaml]', provide the URI of a resource or 'null' for any resource.
2024-03-27 06:26:27.028 [warning] [redhat.vscode-yaml] Accessing a resource scoped configuration without providing a resource is not expected. To get the effective value for '[yaml]', provide the URI of a resource or 'null' for any resource.
2024-03-27 06:26:27.609 [info] ExtensionService#_doActivateExtension vscode.json-language-features, startup: false, activationEvent: 'onLanguage:jsonc'
2024-03-27 06:26:27.610 [info] ExtensionService#_doActivateExtension vscode.typescript-language-features, startup: false, activationEvent: 'onLanguage:jsonc'
2024-03-27 06:26:28.788 [warning] [redhat.vscode-yaml] Accessing a resource scoped configuration without providing a resource is not expected. To get the effective value for '[yaml]', provide the URI of a resource or 'null' for any resource.
2024-03-27 06:28:18.130 [info] ExtensionService#_doActivateExtension vscode.debug-server-ready, startup: false, activationEvent: 'onDebugResolve'
2024-03-27 06:28:44.704 [info] ExtensionService#_doActivateExtension vscode.extension-editing, startup: false, activationEvent: 'onLanguage:json'
2024-03-27 06:28:44.704 [info] ExtensionService#_doActivateExtension vscode.npm, startup: false, activationEvent: 'onLanguage:json'
2024-03-27 06:30:07.234 [info] ExtensionService#_doActivateExtension vscode.simple-browser, startup: false, activationEvent: 'onOpenExternalUri:https'
2024-03-27 06:32:13.538 [info] ExtensionService#_doActivateExtension vscode.markdown-language-features, startup: false, activationEvent: 'onLanguage:markdown'
2024-03-27 06:32:14.182 [info] ExtensionService#_doActivateExtension vscode.markdown-math, startup: false, activationEvent: 'api', root cause: vscode.markdown-language-features
2024-03-27 06:32:43.373 [info] ExtensionService#_doActivateExtension CodeRoad.coderoad, startup: false, activationEvent: 'onCommand:coderoad.start'
2024-03-27 06:32:45.911 [warning] [Decorations] CAPPING events from decorations provider vscode.git 1103
2024-03-27 06:32:45.968 [warning] [Decorations] CAPPING events from decorations provider vscode.git 1103
2024-03-27 06:32:46.215 [warning] [redhat.vscode-yaml] Accessing a resource scoped configuration without providing a resource is not expected. To get the effective value for '[yaml]', provide the URI of a resource or 'null' for any resource.
2024-03-27 06:32:46.227 [warning] [redhat.vscode-yaml] Accessing a resource scoped configuration without providing a resource is not expected. To get the effective value for '[yaml]', provide the URI of a resource or 'null' for any resource.
2024-03-27 06:32:57.662 [warning] [Decorations] CAPPING events from decorations provider vscode.git 1104
2024-03-27 06:33:02.699 [warning] [Decorations] CAPPING events from decorations provider vscode.git 1098
2024-03-27 06:33:08.643 [warning] [Decorations] CAPPING events from decorations provider vscode.git 1098
2024-03-27 06:33:13.701 [warning] [Decorations] CAPPING events from decorations provider vscode.git 1098
2024-03-27 06:33:18.754 [warning] [Decorations] CAPPING events from decorations provider vscode.git 1098
2024-03-27 06:33:23.808 [warning] [Decorations] CAPPING events from decorations provider vscode.git 1098
2024-03-27 06:33:28.856 [warning] [Decorations] CAPPING events from decorations provider vscode.git 1098
2024-03-27 06:33:33.891 [warning] [Decorations] CAPPING events from decorations provider vscode.git 1098
2024-03-27 06:33:38.945 [warning] [Decorations] CAPPING events from decorations provider vscode.git 1098
2024-03-27 06:33:43.985 [warning] [Decorations] CAPPING events from decorations provider vscode.git 1098
2024-03-27 06:33:49.051 [warning] [Decorations] CAPPING events from decorations provider vscode.git 1098
2024-03-27 06:33:54.089 [warning] [Decorations] CAPPING events from decorations provider vscode.git 1098
2024-03-27 06:33:59.139 [warning] [Decorations] CAPPING events from decorations provider vscode.git 1098
2024-03-27 06:34:04.181 [warning] [Decorations] CAPPING events from decorations provider vscode.git 1098
2024-03-27 06:34:09.692 [warning] [Decorations] CAPPING events from decorations provider vscode.git 1098
2024-03-27 06:34:14.759 [warning] [Decorations] CAPPING events from decorations provider vscode.git 1098
2024-03-27 06:34:19.794 [warning] [Decorations] CAPPING events from decorations provider vscode.git 1098
2024-03-27 06:34:24.842 [warning] [Decorations] CAPPING events from decorations provider vscode.git 1098
2024-03-27 06:34:29.878 [warning] [Decorations] CAPPING events from decorations provider vscode.git 1098
2024-03-27 06:34:34.920 [warning] [Decorations] CAPPING events from decorations provider vscode.git 1098
2024-03-27 06:34:39.975 [warning] [Decorations] CAPPING events from decorations provider vscode.git 1098
2024-03-27 06:34:45.013 [warning] [Decorations] CAPPING events from decorations provider vscode.git 1098
2024-03-27 06:34:50.066 [warning] [Decorations] CAPPING events from decorations provider vscode.git 1098
2024-03-27 06:34:55.101 [warning] [Decorations] CAPPING events from decorations provider vscode.git 1098
2024-03-27 06:35:00.152 [warning] [Decorations] CAPPING events from decorations provider vscode.git 1098
2024-03-27 06:35:05.187 [warning] [Decorations] CAPPING events from decorations provider vscode.git 1098
2024-03-27 06:35:10.235 [warning] [Decorations] CAPPING events from decorations provider vscode.git 1098
2024-03-27 06:35:15.271 [warning] [Decorations] CAPPING events from decorations provider vscode.git 1098
2024-03-27 06:35:20.329 [warning] [Decorations] CAPPING events from decorations provider vscode.git 1098
2024-03-27 06:35:25.370 [warning] [Decorations] CAPPING events from decorations provider vscode.git 1098
2024-03-27 06:35:30.430 [warning] [Decorations] CAPPING events from decorations provider vscode.git 1098
2024-03-27 06:35:35.467 [warning] [Decorations] CAPPING events from decorations provider vscode.git 1098
2024-03-27 06:35:40.513 [warning] [Decorations] CAPPING events from decorations provider vscode.git 1098
2024-03-27 06:35:45.710 [warning] [Decorations] CAPPING events from decorations provider vscode.git 1098
2024-03-27 06:35:50.768 [warning] [Decorations] CAPPING events from decorations provider vscode.git 1098
2024-03-27 06:35:55.814 [warning] [Decorations] CAPPING events from decorations provider vscode.git 1098
2024-03-27 06:36:00.868 [warning] [Decorations] CAPPING events from decorations provider vscode.git 1098
2024-03-27 06:36:05.910 [warning] [Decorations] CAPPING events from decorations provider vscode.git 1098
2024-03-27 06:36:10.971 [warning] [Decorations] CAPPING events from decorations provider vscode.git 1098
2024-03-27 06:36:16.022 [warning] [Decorations] CAPPING events from decorations provider vscode.git 1098
2024-03-27 06:36:21.145 [warning] [Decorations] CAPPING events from decorations provider vscode.git 1098
2024-03-27 06:36:26.192 [warning] [Decorations] CAPPING events from decorations provider vscode.git 1098
2024-03-27 06:36:31.233 [warning] [Decorations] CAPPING events from decorations provider vscode.git 1098
2024-03-27 06:36:36.297 [warning] [Decorations] CAPPING events from decorations provider vscode.git 1098
2024-03-27 06:36:41.336 [warning] [Decorations] CAPPING events from decorations provider vscode.git 1098
2024-03-27 06:36:46.380 [warning] [Decorations] CAPPING events from decorations provider vscode.git 1098
2024-03-27 06:36:51.424 [warning] [Decorations] CAPPING events from decorations provider vscode.git 1098
2024-03-27 06:37:49.759 [warning] [Decorations] CAPPING events from decorations provider vscode.git 1098
2024-03-27 06:37:54.808 [warning] [Decorations] CAPPING events from decorations provider vscode.git 1098
2024-03-27 06:38:35.953 [warning] [Decorations] CAPPING events from decorations provider vscode.git 1098
2024-03-27 06:38:40.994 [warning] [Decorations] CAPPING events from decorations provider vscode.git 1098
2024-03-27 06:39:08.076 [warning] [Decorations] CAPPING events from decorations provider vscode.git 1098
2024-03-27 06:39:13.121 [warning] [Decorations] CAPPING events from decorations provider vscode.git 1098
2024-03-27 06:39:18.161 [warning] [Decorations] CAPPING events from decorations provider vscode.git 1098
2024-03-27 06:39:23.200 [warning] [Decorations] CAPPING events from decorations provider vscode.git 1098
2024-03-27 06:39:28.240 [warning] [Decorations] CAPPING events from decorations provider vscode.git 1098
2024-03-27 06:39:33.288 [warning] [Decorations] CAPPING events from decorations provider vscode.git 1098
2024-03-27 06:39:38.329 [warning] [Decorations] CAPPING events from decorations provider vscode.git 1098
2024-03-27 06:39:43.374 [warning] [Decorations] CAPPING events from decorations provider vscode.git 1098
2024-03-27 06:39:48.415 [warning] [Decorations] CAPPING events from decorations provider vscode.git 1098
2024-03-27 06:39:53.456 [warning] [Decorations] CAPPING events from decorations provider vscode.git 1098
2024-03-27 06:39:58.499 [warning] [Decorations] CAPPING events from decorations provider vscode.git 1098
2024-03-27 06:40:03.563 [warning] [Decorations] CAPPING events from decorations provider vscode.git 1098
2024-03-27 06:40:08.605 [warning] [Decorations] CAPPING events from decorations provider vscode.git 1098
2024-03-27 06:40:13.663 [warning] [Decorations] CAPPING events from decorations provider vscode.git 1098
2024-03-27 06:40:18.705 [warning] [Decorations] CAPPING events from decorations provider vscode.git 1098
2024-03-27 06:40:23.746 [warning] [Decorations] CAPPING events from decorations provider vscode.git 1098
2024-03-27 06:40:28.794 [warning] [Decorations] CAPPING events from decorations provider vscode.git 1098
2024-03-27 06:40:33.832 [warning] [Decorations] CAPPING events from decorations provider vscode.git 1098
2024-03-27 06:40:38.890 [warning] [Decorations] CAPPING events from decorations provider vscode.git 1098
2024-03-27 06:40:43.940 [warning] [Decorations] CAPPING events from decorations provider vscode.git 1098
2024-03-27 06:40:48.979 [warning] [Decorations] CAPPING events from decorations provider vscode.git 1098
2024-03-27 06:40:54.022 [warning] [Decorations] CAPPING events from decorations provider vscode.git 1098
2024-03-27 06:40:59.066 [warning] [Decorations] CAPPING events from decorations provider vscode.git 1098
2024-03-27 06:41:04.109 [warning] [Decorations] CAPPING events from decorations provider vscode.git 1098
2024-03-27 06:41:09.157 [warning] [Decorations] CAPPING events from decorations provider vscode.git 1098
2024-03-27 06:41:21.940 [warning] [Decorations] CAPPING events from decorations provider vscode.git 1098
2024-03-27 06:41:26.986 [warning] [Decorations] CAPPING events from decorations provider vscode.git 1098
2024-03-27 06:41:32.024 [warning] [Decorations] CAPPING events from decorations provider vscode.git 1098
2024-03-27 06:41:37.078 [warning] [Decorations] CAPPING events from decorations provider vscode.git 1098
2024-03-27 06:41:42.119 [warning] [Decorations] CAPPING events from decorations provider vscode.git 1098
2024-03-27 06:41:47.179 [warning] [Decorations] CAPPING events from decorations provider vscode.git 1098
2024-03-27 06:41:52.221 [warning] [Decorations] CAPPING events from decorations provider vscode.git 1098
2024-03-27 06:41:57.261 [warning] [Decorations] CAPPING events from decorations provider vscode.git 1098
2024-03-27 06:42:02.304 [warning] [Decorations] CAPPING events from decorations provider vscode.git 1098
2024-03-27 06:42:07.344 [warning] [Decorations] CAPPING events from decorations provider vscode.git 1098
2024-03-27 06:42:12.384 [warning] [Decorations] CAPPING events from decorations provider vscode.git 1098
2024-03-27 06:42:17.426 [warning] [Decorations] CAPPING events from decorations provider vscode.git 1098
2024-03-27 06:42:22.465 [warning] [Decorations] CAPPING events from decorations provider vscode.git 1098
2024-03-27 06:42:27.509 [warning] [Decorations] CAPPING events from decorations provider vscode.git 1098
2024-03-27 06:42:32.570 [warning] [Decorations] CAPPING events from decorations provider vscode.git 1098
2024-03-27 06:42:37.626 [warning] [Decorations] CAPPING events from decorations provider vscode.git 1098
2024-03-27 06:42:42.665 [warning] [Decorations] CAPPING events from decorations provider vscode.git 1098
2024-03-27 06:42:47.712 [warning] [Decorations] CAPPING events from decorations provider vscode.git 1098
2024-03-27 06:42:52.754 [warning] [Decorations] CAPPING events from decorations provider vscode.git 1098
2024-03-27 06:42:57.796 [warning] [Decorations] CAPPING events from decorations provider vscode.git 1098
2024-03-27 06:43:02.840 [warning] [Decorations] CAPPING events from decorations provider vscode.git 1098
2024-03-27 06:43:07.890 [warning] [Decorations] CAPPING events from decorations provider vscode.git 1098
2024-03-27 06:43:12.935 [warning] [Decorations] CAPPING events from decorations provider vscode.git 1098
2024-03-27 06:43:17.995 [warning] [Decorations] CAPPING events from decorations provider vscode.git 1098
2024-03-27 06:43:23.043 [warning] [Decorations] CAPPING events from decorations provider vscode.git 1098
2024-03-27 06:43:28.084 [warning] [Decorations] CAPPING events from decorations provider vscode.git 1098
2024-03-27 06:43:33.121 [warning] [Decorations] CAPPING events from decorations provider vscode.git 1098
2024-03-27 06:43:38.160 [warning] [Decorations] CAPPING events from decorations provider vscode.git 1098
2024-03-27 06:43:43.199 [warning] [Decorations] CAPPING events from decorations provider vscode.git 1098
2024-03-27 06:43:48.242 [warning] [Decorations] CAPPING events from decorations provider vscode.git 1098
2024-03-27 06:43:53.282 [warning] [Decorations] CAPPING events from decorations provider vscode.git 1099
2024-03-27 06:43:58.321 [warning] [Decorations] CAPPING events from decorations provider vscode.git 1099
2024-03-27 06:44:03.362 [warning] [Decorations] CAPPING events from decorations provider vscode.git 1099
2024-03-27 06:44:08.400 [warning] [Decorations] CAPPING events from decorations provider vscode.git 1099
2024-03-27 06:44:13.454 [warning] [Decorations] CAPPING events from decorations provider vscode.git 1099
2024-03-27 06:44:18.507 [warning] [Decorations] CAPPING events from decorations provider vscode.git 1099
2024-03-27 06:44:23.550 [warning] [Decorations] CAPPING events from decorations provider vscode.git 1099
2024-03-27 06:44:28.587 [warning] [Decorations] CAPPING events from decorations provider vscode.git 1099
2024-03-27 06:44:33.634 [warning] [Decorations] CAPPING events from decorations provider vscode.git 1099
2024-03-27 06:44:38.694 [warning] [Decorations] CAPPING events from decorations provider vscode.git 1099
2024-03-27 06:44:43.751 [warning] [Decorations] CAPPING events from decorations provider vscode.git 1099
2024-03-27 06:44:48.795 [warning] [Decorations] CAPPING events from decorations provider vscode.git 1099
