2024-03-27 05:11:31.148 [info] Log level: Info
2024-03-27 05:11:31.158 [info] VSCODE_MACHINE_ID: 6a7ac935-4f52-444c-9e87-7a74395ba28c
2024-03-27 05:11:31.158 [info] VSCODE_SESSION_ID: b7f1ee9f-302d-4743-b950-def39bfb0ccf1711516286178
2024-03-27 05:11:31.158 [info] VSCODE_VERSION: 1.87.1
2024-03-27 05:11:31.158 [info] VSCODE_APP_NAME: Gitpod Code
2024-03-27 05:11:31.158 [info] VSCODE_APP_HOST: Gitpod
2024-03-27 05:11:31.158 [info] VSCODE_UI_KIND: web
2024-03-27 05:11:31.158 [info] GITPOD_WORKSPACE_CONTEXT_URL: https://github.com/freeCodeCamp/learn-celestial-bodies-database
2024-03-27 05:11:31.158 [info] GITPOD_INSTANCE_ID: 9d59e03a-30a9-4c59-9ea1-8e5db3985f79
2024-03-27 05:11:31.158 [info] GITPOD_WORKSPACE_URL: https://freecodecam-learncelest-h01lvgdjetu.ws-us110.gitpod.io
2024-03-27 05:11:31.165 [info] Gitpod Web 4e069a6
2024-03-27 05:11:31.165 [info] Reading sessions from keychain...
2024-03-27 05:11:31.356 [info] Getting sessions for all scopes...
2024-03-27 05:11:31.356 [info] Getting GitHub sessions for all scopes...
2024-03-27 05:11:31.356 [info] Getting sessions for function:accessCodeSyncStorage...
2024-03-27 05:11:31.357 [info] Got stored sessions!
2024-03-27 05:11:31.357 [info] Verified session with the following scopes: function:accessCodeSyncStorage function:closePort function:controlAdmission function:deleteEnvVar function:generateNewGitpodToken function:getDefaultWorkspaceImage function:getEnvVars function:getGitpodTokenScopes function:getIDToken function:getLoggedInUser function:getOpenPorts function:getSupportedWorkspaceClasses function:getTeams function:getToken function:getWorkspace function:getWorkspaceEnvVars function:getWorkspaceOwner function:getWorkspaceTimeout function:getWorkspaceUsers function:guessGitTokenScopes function:isWorkspaceOwner function:openPort function:sendHeartBeat function:setEnvVar function:setWorkspaceTimeout function:stopWorkspace function:takeSnapshot function:trackEvent function:updateGitStatus function:waitForSnapshot resource:contentBlob::*::create/get resource:envVar::freeCodeCamp/learn-celestial-bodies-database::create/get/update/delete resource:gitpodToken::*::create resource:snapshot::ws-freecodecam-learncelest-h01lvgdjetu::create resource:token::*::get resource:userStorage::*::create/get/update resource:workspace::freecodecam-learncelest-h01lvgdjetu::get/update resource:workspaceInstance::9d59e03a-30a9-4c59-9ea1-8e5db3985f79::get/update/delete
2024-03-27 05:11:31.357 [info] Got 1 verified sessions.
2024-03-27 05:11:31.357 [info] Got 1 sessions for all scopes...
2024-03-27 05:11:31.357 [info] Got 1 sessions for function:accessCodeSyncStorage...
2024-03-27 05:11:31.476 [info] Got 1 GitHub sessions for all scopes...
2024-03-27 05:11:31.526 [info] Getting GitHub sessions for all scopes...
2024-03-27 05:11:31.526 [info] Got 1 GitHub sessions for all scopes...
2024-03-27 05:11:31.620 [info] Getting sessions for all scopes...
2024-03-27 05:11:31.620 [info] Got 1 sessions for all scopes...
2024-03-27 05:11:31.677 [info] Getting GitHub sessions for all scopes...
2024-03-27 05:11:31.677 [info] Got 1 GitHub sessions for all scopes...
2024-03-27 05:11:32.266 [info] Getting GitHub sessions for read:user,repo,user:email,workflow...
2024-03-27 05:11:32.266 [info] Got 0 GitHub sessions for read:user,repo,user:email,workflow...
2024-03-27 05:11:32.726 [info] Getting GitHub sessions for project,read:org,read:user,repo,user:email,workflow...
2024-03-27 05:11:32.726 [info] Got 0 GitHub sessions for project,read:org,read:user,repo,user:email,workflow...
2024-03-27 05:11:33.305 [info] Getting GitHub sessions for read:user,repo,user:email,workflow...
2024-03-27 05:11:33.305 [info] Got 0 GitHub sessions for read:user,repo,user:email,workflow...
2024-03-27 05:11:33.863 [info] Getting GitHub sessions for read:user,repo,user:email...
2024-03-27 05:11:33.863 [info] Got 0 GitHub sessions for read:user,repo,user:email...
2024-03-27 05:11:34.397 [info] Getting GitHub sessions for read:user,repo,user:email,workflow...
2024-03-27 05:11:34.397 [info] Got 0 GitHub sessions for read:user,repo,user:email,workflow...
2024-03-27 06:05:52.167 [info] Getting GitHub sessions for project,read:org,read:user,repo,user:email,workflow...
2024-03-27 06:05:52.167 [info] Got 0 GitHub sessions for project,read:org,read:user,repo,user:email,workflow...
2024-03-27 06:05:52.702 [info] Getting GitHub sessions for read:user,repo,user:email,workflow...
2024-03-27 06:05:52.702 [info] Got 0 GitHub sessions for read:user,repo,user:email,workflow...
2024-03-27 06:05:53.238 [info] Getting GitHub sessions for read:user,repo,user:email...
2024-03-27 06:05:53.238 [info] Got 0 GitHub sessions for read:user,repo,user:email...
2024-03-27 06:05:53.773 [info] Getting GitHub sessions for read:user,repo,user:email,workflow...
2024-03-27 06:05:53.773 [info] Got 0 GitHub sessions for read:user,repo,user:email,workflow...
2024-03-27 06:05:54.007 [info] Getting GitHub sessions for project,read:org,read:user,repo,user:email,workflow...
2024-03-27 06:05:54.007 [info] Got 0 GitHub sessions for project,read:org,read:user,repo,user:email,workflow...
2024-03-27 06:05:57.883 [error] GitHub sign in failed:  5 NOT_FOUND: no token available
2024-03-27 06:06:17.547 [info] Getting GitHub sessions for read:user,repo,user:email,workflow...
2024-03-27 06:06:17.547 [info] Got 0 GitHub sessions for read:user,repo,user:email,workflow...
2024-03-27 06:06:21.836 [error] GitHub sign in failed:  5 NOT_FOUND: no token available
2024-03-27 06:06:44.477 [info] Getting GitHub sessions for project,read:org,read:user,repo,user:email,workflow...
2024-03-27 06:06:44.477 [info] Got 0 GitHub sessions for project,read:org,read:user,repo,user:email,workflow...
2024-03-27 06:06:45.012 [info] Getting GitHub sessions for read:user,repo,user:email,workflow...
2024-03-27 06:06:45.013 [info] Got 0 GitHub sessions for read:user,repo,user:email,workflow...
2024-03-27 06:06:45.547 [info] Getting GitHub sessions for read:user,repo,user:email...
2024-03-27 06:06:45.547 [info] Got 0 GitHub sessions for read:user,repo,user:email...
2024-03-27 06:06:46.083 [info] Getting GitHub sessions for read:user,repo,user:email,workflow...
2024-03-27 06:06:46.084 [info] Got 0 GitHub sessions for read:user,repo,user:email,workflow...
2024-03-27 06:06:52.004 [error] GitHub sign in failed:  5 NOT_FOUND: no token available
2024-03-27 06:08:40.738 [info] Getting GitHub sessions for read:user,repo,user:email,workflow...
2024-03-27 06:08:40.739 [info] Got 0 GitHub sessions for read:user,repo,user:email,workflow...
2024-03-27 06:08:46.008 [error] GitHub sign in failed:  5 NOT_FOUND: no token available
2024-03-27 06:09:11.636 [info] Getting GitHub sessions for read:user,repo,user:email,workflow...
2024-03-27 06:09:11.636 [info] Got 0 GitHub sessions for read:user,repo,user:email,workflow...
2024-03-27 06:09:14.730 [error] GitHub sign in failed:  5 NOT_FOUND: no token available
2024-03-27 06:09:17.314 [info] Getting GitHub sessions for project,read:org,read:user,repo,user:email,workflow...
2024-03-27 06:09:17.314 [info] Got 0 GitHub sessions for project,read:org,read:user,repo,user:email,workflow...
2024-03-27 06:09:17.854 [info] Getting GitHub sessions for read:user,repo,user:email,workflow...
2024-03-27 06:09:17.854 [info] Got 0 GitHub sessions for read:user,repo,user:email,workflow...
2024-03-27 06:09:18.258 [info] Getting GitHub sessions for project,read:org,read:user,repo,user:email,workflow...
2024-03-27 06:09:18.258 [info] Got 0 GitHub sessions for project,read:org,read:user,repo,user:email,workflow...
2024-03-27 06:09:18.392 [info] Getting GitHub sessions for read:user,repo,user:email...
2024-03-27 06:09:18.392 [info] Got 0 GitHub sessions for read:user,repo,user:email...
2024-03-27 06:09:18.792 [info] Getting GitHub sessions for read:user,repo,user:email,workflow...
2024-03-27 06:09:18.792 [info] Got 0 GitHub sessions for read:user,repo,user:email,workflow...
2024-03-27 06:09:19.328 [info] Getting GitHub sessions for read:user,repo,user:email...
2024-03-27 06:09:19.328 [info] Got 0 GitHub sessions for read:user,repo,user:email...
2024-03-27 06:09:19.864 [info] Getting GitHub sessions for read:user,repo,user:email,workflow...
2024-03-27 06:09:19.864 [info] Got 0 GitHub sessions for read:user,repo,user:email,workflow...
2024-03-27 06:09:52.063 [error] GitHub sign in failed:  4 DEADLINE_EXCEEDED: Deadline exceeded
2024-03-27 06:09:57.499 [info] Getting GitHub sessions for read:user,repo,user:email,workflow...
2024-03-27 06:09:57.499 [info] Got 0 GitHub sessions for read:user,repo,user:email,workflow...
2024-03-27 06:10:21.946 [error] GitHub sign in failed:  5 NOT_FOUND: no token available
2024-03-27 06:10:27.119 [info] Getting GitHub sessions for read:user,repo,user:email,workflow...
2024-03-27 06:10:27.119 [info] Got 0 GitHub sessions for read:user,repo,user:email,workflow...
2024-03-27 06:10:32.597 [error] GitHub sign in failed:  5 NOT_FOUND: no token available
2024-03-27 06:11:59.807 [info] Getting GitHub sessions for read:user,repo,user:email,workflow...
2024-03-27 06:11:59.807 [info] Got 0 GitHub sessions for read:user,repo,user:email,workflow...
2024-03-27 06:12:04.148 [error] GitHub sign in failed:  5 NOT_FOUND: no token available
2024-03-27 06:13:24.471 [info] Getting GitHub sessions for project,read:org,read:user,repo,user:email,workflow...
2024-03-27 06:13:24.471 [info] Got 0 GitHub sessions for project,read:org,read:user,repo,user:email,workflow...
2024-03-27 06:13:25.005 [info] Getting GitHub sessions for read:user,repo,user:email,workflow...
2024-03-27 06:13:25.005 [info] Got 0 GitHub sessions for read:user,repo,user:email,workflow...
2024-03-27 06:13:25.540 [info] Getting GitHub sessions for read:user,repo,user:email...
2024-03-27 06:13:25.540 [info] Got 0 GitHub sessions for read:user,repo,user:email...
2024-03-27 06:13:25.900 [info] Getting GitHub sessions for project,read:org,read:user,repo,user:email,workflow...
2024-03-27 06:13:25.900 [info] Got 0 GitHub sessions for project,read:org,read:user,repo,user:email,workflow...
2024-03-27 06:13:26.075 [info] Getting GitHub sessions for read:user,repo,user:email,workflow...
2024-03-27 06:13:26.075 [info] Got 0 GitHub sessions for read:user,repo,user:email,workflow...
2024-03-27 06:13:26.525 [info] Getting GitHub sessions for project,read:org,read:user,repo,user:email,workflow...
2024-03-27 06:13:26.525 [info] Got 0 GitHub sessions for project,read:org,read:user,repo,user:email,workflow...
2024-03-27 06:13:28.071 [info] Getting GitHub sessions for all scopes...
2024-03-27 06:13:28.071 [info] Got 1 GitHub sessions for all scopes...
2024-03-27 06:13:28.525 [info] Getting GitHub sessions for read:user,repo,user:email,workflow...
2024-03-27 06:13:28.525 [info] Getting GitHub sessions for project,read:org,read:user,repo,user:email,workflow...
2024-03-27 06:13:28.525 [info] Got 1 GitHub sessions for read:user,repo,user:email,workflow...
2024-03-27 06:13:28.525 [info] Got 0 GitHub sessions for project,read:org,read:user,repo,user:email,workflow...
2024-03-27 06:13:29.087 [info] Getting GitHub sessions for read:user,repo,user:email,workflow...
2024-03-27 06:13:29.087 [info] Got 1 GitHub sessions for read:user,repo,user:email,workflow...
2024-03-27 06:13:29.332 [info] Getting GitHub sessions for read:user,repo,user:email,workflow...
2024-03-27 06:13:29.332 [info] Got 1 GitHub sessions for read:user,repo,user:email,workflow...
