2024-03-27 05:11:32.190 [warning] /home/gitpod/.ssh/config: ENOENT: no such file or directory, open '/home/gitpod/.ssh/config'
2024-03-27 05:11:32.190 [info] Activation> Extension version: 0.82.1
2024-03-27 05:11:34.580 [info] Looking for git repository
2024-03-27 05:11:34.580 [info] Found 0 repositories during activation
2024-03-27 05:11:34.580 [info] Git repository found, initializing review manager and pr tree view.
2024-03-27 05:11:34.584 [info] Registering git provider
2024-03-27 05:11:34.584 [info] Review+0> Validate state in progress
2024-03-27 05:11:34.584 [info] Review+0> Validating state...
2024-03-27 05:11:34.772 [info] Found GitHub remote for folder /workspace/project
2024-03-27 05:11:34.774 [info] Trying to use globalState for assignableUsers.
2024-03-27 05:11:34.786 [info] Review+0> No matching pull request metadata found locally for current branch main
2024-03-27 05:11:34.787 [info] Review+0> No matching pull request metadata found on GitHub for current branch main
2024-03-27 05:11:34.969 [info] GlobalState does not exist for assignableUsers.
2024-03-27 05:11:43.780 [info] Review+0> Validate state in progress
2024-03-27 05:11:43.780 [info] Review+0> Validating state...
2024-03-27 05:11:43.780 [info] Repo state for file:///workspace/project changed.
2024-03-27 05:11:43.780 [info] Repo file:///workspace/project has already been setup.
2024-03-27 05:11:43.960 [info] Found GitHub remote for folder /workspace/project
2024-03-27 05:11:43.961 [info] Using in-memory cached assignable users.
2024-03-27 05:11:43.974 [info] Review+0> No matching pull request metadata found locally for current branch main
2024-03-27 05:11:43.974 [info] Review+0> No matching pull request metadata found on GitHub for current branch main
2024-03-27 05:11:48.827 [info] Review+0> Validate state in progress
2024-03-27 05:11:48.827 [info] Review+0> Validating state...
2024-03-27 05:11:49.009 [info] Found GitHub remote for folder /workspace/project
2024-03-27 05:11:49.010 [info] Using in-memory cached assignable users.
2024-03-27 05:11:49.023 [info] Review+0> No matching pull request metadata found locally for current branch main
2024-03-27 05:11:49.023 [info] Review+0> No matching pull request metadata found on GitHub for current branch main
2024-03-27 06:03:18.397 [info] Review+0> Validate state in progress
2024-03-27 06:03:18.397 [info] Review+0> Validating state...
2024-03-27 06:03:18.578 [info] Found GitHub remote for folder /workspace/project
2024-03-27 06:03:18.579 [info] Using in-memory cached assignable users.
2024-03-27 06:03:18.592 [info] Review+0> No matching pull request metadata found locally for current branch main
2024-03-27 06:03:18.592 [info] Review+0> No matching pull request metadata found on GitHub for current branch main
2024-03-27 06:05:58.064 [error] Error signing in to GitHub: Error: 5 NOT_FOUND: no token available
2024-03-27 06:05:58.064 [error] Error: 5 NOT_FOUND: no token available
	at t.callErrorFromStatus (/ide/extensions/gitpod-web/out/extension.js:2:271675)
	at Object.onReceiveStatus (/ide/extensions/gitpod-web/out/extension.js:2:296882)
	at Object.onReceiveStatus (/ide/extensions/gitpod-web/out/extension.js:2:292767)
	at Object.onReceiveStatus (/ide/extensions/gitpod-web/out/extension.js:2:292212)
	at /ide/extensions/gitpod-web/out/extension.js:2:376194
	at process.processTicksAndRejections (node:internal/process/task_queues:77:11)
for call at
	at a.makeUnaryRequest (/ide/extensions/gitpod-web/out/extension.js:2:296423)
	at a.getToken (/ide/extensions/gitpod-web/out/extension.js:2:361597)
	at node:internal/util:375:7
	at new Promise (<anonymous>)
	at bound  (node:internal/util:361:12)
	at A.getToken (/ide/extensions/gitpod-web/out/extension.js:2:1045165)
	at c.loginGitHub (/ide/extensions/gitpod-web/out/extension.js:2:1402897)
	at c.createSession (/ide/extensions/gitpod-web/out/extension.js:2:1403147)
	at w.$createSession (/ide/out/vs/workbench/api/node/extensionHostProcess.js:148:55825)
	at s.S (/ide/out/vs/workbench/api/node/extensionHostProcess.js:147:5519)
	at s.Q (/ide/out/vs/workbench/api/node/extensionHostProcess.js:147:5285)
	at s.M (/ide/out/vs/workbench/api/node/extensionHostProcess.js:147:4375)
	at s.L (/ide/out/vs/workbench/api/node/extensionHostProcess.js:147:3454)
	at b.value (/ide/out/vs/workbench/api/node/extensionHostProcess.js:147:2241)
	at n.y (/ide/out/vs/workbench/api/node/extensionHostProcess.js:80:1902)
	at n.fire (/ide/out/vs/workbench/api/node/extensionHostProcess.js:80:2119)
	at r.fire (/ide/out/vs/workbench/api/node/extensionHostProcess.js:105:14091)
	at b.value (/ide/out/vs/workbench/api/node/extensionHostProcess.js:173:8050)
	at n.y (/ide/out/vs/workbench/api/node/extensionHostProcess.js:80:1902)
	at n.fire (/ide/out/vs/workbench/api/node/extensionHostProcess.js:80:2119)
	at r.fire (/ide/out/vs/workbench/api/node/extensionHostProcess.js:105:14091)
	at u.z (/ide/out/vs/workbench/api/node/extensionHostProcess.js:105:17156)
	at b.value (/ide/out/vs/workbench/api/node/extensionHostProcess.js:105:15608)
	at n.y (/ide/out/vs/workbench/api/node/extensionHostProcess.js:80:1902)
	at n.fire (/ide/out/vs/workbench/api/node/extensionHostProcess.js:80:2119)
	at b.acceptChunk (/ide/out/vs/workbench/api/node/extensionHostProcess.js:105:11865)
	at b.value (/ide/out/vs/workbench/api/node/extensionHostProcess.js:105:11152)
	at n.y (/ide/out/vs/workbench/api/node/extensionHostProcess.js:80:1902)
	at n.fire (/ide/out/vs/workbench/api/node/extensionHostProcess.js:80:2119)
	at n.z (/ide/out/vs/workbench/api/node/extensionHostProcess.js:170:19748)
2024-03-27 06:05:58.064 [error] Error signing in to GitHub: Error: 5 NOT_FOUND: no token available
2024-03-27 06:05:58.064 [error] Error: 5 NOT_FOUND: no token available
	at t.callErrorFromStatus (/ide/extensions/gitpod-web/out/extension.js:2:271675)
	at Object.onReceiveStatus (/ide/extensions/gitpod-web/out/extension.js:2:296882)
	at Object.onReceiveStatus (/ide/extensions/gitpod-web/out/extension.js:2:292767)
	at Object.onReceiveStatus (/ide/extensions/gitpod-web/out/extension.js:2:292212)
	at /ide/extensions/gitpod-web/out/extension.js:2:376194
	at process.processTicksAndRejections (node:internal/process/task_queues:77:11)
for call at
	at a.makeUnaryRequest (/ide/extensions/gitpod-web/out/extension.js:2:296423)
	at a.getToken (/ide/extensions/gitpod-web/out/extension.js:2:361597)
	at node:internal/util:375:7
	at new Promise (<anonymous>)
	at bound  (node:internal/util:361:12)
	at A.getToken (/ide/extensions/gitpod-web/out/extension.js:2:1045165)
	at c.loginGitHub (/ide/extensions/gitpod-web/out/extension.js:2:1402897)
	at c.createSession (/ide/extensions/gitpod-web/out/extension.js:2:1403147)
	at w.$createSession (/ide/out/vs/workbench/api/node/extensionHostProcess.js:148:55825)
	at s.S (/ide/out/vs/workbench/api/node/extensionHostProcess.js:147:5519)
	at s.Q (/ide/out/vs/workbench/api/node/extensionHostProcess.js:147:5285)
	at s.M (/ide/out/vs/workbench/api/node/extensionHostProcess.js:147:4375)
	at s.L (/ide/out/vs/workbench/api/node/extensionHostProcess.js:147:3454)
	at b.value (/ide/out/vs/workbench/api/node/extensionHostProcess.js:147:2241)
	at n.y (/ide/out/vs/workbench/api/node/extensionHostProcess.js:80:1902)
	at n.fire (/ide/out/vs/workbench/api/node/extensionHostProcess.js:80:2119)
	at r.fire (/ide/out/vs/workbench/api/node/extensionHostProcess.js:105:14091)
	at b.value (/ide/out/vs/workbench/api/node/extensionHostProcess.js:173:8050)
	at n.y (/ide/out/vs/workbench/api/node/extensionHostProcess.js:80:1902)
	at n.fire (/ide/out/vs/workbench/api/node/extensionHostProcess.js:80:2119)
	at r.fire (/ide/out/vs/workbench/api/node/extensionHostProcess.js:105:14091)
	at u.z (/ide/out/vs/workbench/api/node/extensionHostProcess.js:105:17156)
	at b.value (/ide/out/vs/workbench/api/node/extensionHostProcess.js:105:15608)
	at n.y (/ide/out/vs/workbench/api/node/extensionHostProcess.js:80:1902)
	at n.fire (/ide/out/vs/workbench/api/node/extensionHostProcess.js:80:2119)
	at b.acceptChunk (/ide/out/vs/workbench/api/node/extensionHostProcess.js:105:11865)
	at b.value (/ide/out/vs/workbench/api/node/extensionHostProcess.js:105:11152)
	at n.y (/ide/out/vs/workbench/api/node/extensionHostProcess.js:80:1902)
	at n.fire (/ide/out/vs/workbench/api/node/extensionHostProcess.js:80:2119)
	at n.z (/ide/out/vs/workbench/api/node/extensionHostProcess.js:170:19748)
2024-03-27 06:06:22.030 [error] Error signing in to GitHub: Error: 5 NOT_FOUND: no token available
2024-03-27 06:06:22.030 [error] Error: 5 NOT_FOUND: no token available
	at t.callErrorFromStatus (/ide/extensions/gitpod-web/out/extension.js:2:271675)
	at Object.onReceiveStatus (/ide/extensions/gitpod-web/out/extension.js:2:296882)
	at Object.onReceiveStatus (/ide/extensions/gitpod-web/out/extension.js:2:292767)
	at Object.onReceiveStatus (/ide/extensions/gitpod-web/out/extension.js:2:292212)
	at /ide/extensions/gitpod-web/out/extension.js:2:376194
	at process.processTicksAndRejections (node:internal/process/task_queues:77:11)
for call at
	at a.makeUnaryRequest (/ide/extensions/gitpod-web/out/extension.js:2:296423)
	at a.getToken (/ide/extensions/gitpod-web/out/extension.js:2:361597)
	at node:internal/util:375:7
	at new Promise (<anonymous>)
	at bound  (node:internal/util:361:12)
	at A.getToken (/ide/extensions/gitpod-web/out/extension.js:2:1045165)
	at c.loginGitHub (/ide/extensions/gitpod-web/out/extension.js:2:1402897)
	at c.createSession (/ide/extensions/gitpod-web/out/extension.js:2:1403147)
	at w.$createSession (/ide/out/vs/workbench/api/node/extensionHostProcess.js:148:55825)
	at s.S (/ide/out/vs/workbench/api/node/extensionHostProcess.js:147:5519)
	at s.Q (/ide/out/vs/workbench/api/node/extensionHostProcess.js:147:5285)
	at s.M (/ide/out/vs/workbench/api/node/extensionHostProcess.js:147:4375)
	at s.L (/ide/out/vs/workbench/api/node/extensionHostProcess.js:147:3454)
	at b.value (/ide/out/vs/workbench/api/node/extensionHostProcess.js:147:2241)
	at n.y (/ide/out/vs/workbench/api/node/extensionHostProcess.js:80:1902)
	at n.fire (/ide/out/vs/workbench/api/node/extensionHostProcess.js:80:2119)
	at r.fire (/ide/out/vs/workbench/api/node/extensionHostProcess.js:105:14091)
	at b.value (/ide/out/vs/workbench/api/node/extensionHostProcess.js:173:8050)
	at n.y (/ide/out/vs/workbench/api/node/extensionHostProcess.js:80:1902)
	at n.fire (/ide/out/vs/workbench/api/node/extensionHostProcess.js:80:2119)
	at r.fire (/ide/out/vs/workbench/api/node/extensionHostProcess.js:105:14091)
	at u.z (/ide/out/vs/workbench/api/node/extensionHostProcess.js:105:17156)
	at b.value (/ide/out/vs/workbench/api/node/extensionHostProcess.js:105:15608)
	at n.y (/ide/out/vs/workbench/api/node/extensionHostProcess.js:80:1902)
	at n.fire (/ide/out/vs/workbench/api/node/extensionHostProcess.js:80:2119)
	at b.acceptChunk (/ide/out/vs/workbench/api/node/extensionHostProcess.js:105:11865)
	at b.value (/ide/out/vs/workbench/api/node/extensionHostProcess.js:105:11152)
	at n.y (/ide/out/vs/workbench/api/node/extensionHostProcess.js:80:1902)
	at n.fire (/ide/out/vs/workbench/api/node/extensionHostProcess.js:80:2119)
	at n.z (/ide/out/vs/workbench/api/node/extensionHostProcess.js:170:19748)
2024-03-27 06:06:52.187 [error] Error signing in to GitHub: Error: 5 NOT_FOUND: no token available
2024-03-27 06:06:52.187 [error] Error: 5 NOT_FOUND: no token available
	at t.callErrorFromStatus (/ide/extensions/gitpod-web/out/extension.js:2:271675)
	at Object.onReceiveStatus (/ide/extensions/gitpod-web/out/extension.js:2:296882)
	at Object.onReceiveStatus (/ide/extensions/gitpod-web/out/extension.js:2:292767)
	at Object.onReceiveStatus (/ide/extensions/gitpod-web/out/extension.js:2:292212)
	at /ide/extensions/gitpod-web/out/extension.js:2:376194
	at process.processTicksAndRejections (node:internal/process/task_queues:77:11)
for call at
	at a.makeUnaryRequest (/ide/extensions/gitpod-web/out/extension.js:2:296423)
	at a.getToken (/ide/extensions/gitpod-web/out/extension.js:2:361597)
	at node:internal/util:375:7
	at new Promise (<anonymous>)
	at bound  (node:internal/util:361:12)
	at A.getToken (/ide/extensions/gitpod-web/out/extension.js:2:1045165)
	at c.loginGitHub (/ide/extensions/gitpod-web/out/extension.js:2:1402897)
	at c.createSession (/ide/extensions/gitpod-web/out/extension.js:2:1403147)
	at w.$createSession (/ide/out/vs/workbench/api/node/extensionHostProcess.js:148:55825)
	at s.S (/ide/out/vs/workbench/api/node/extensionHostProcess.js:147:5519)
	at s.Q (/ide/out/vs/workbench/api/node/extensionHostProcess.js:147:5285)
	at s.M (/ide/out/vs/workbench/api/node/extensionHostProcess.js:147:4375)
	at s.L (/ide/out/vs/workbench/api/node/extensionHostProcess.js:147:3454)
	at b.value (/ide/out/vs/workbench/api/node/extensionHostProcess.js:147:2241)
	at n.y (/ide/out/vs/workbench/api/node/extensionHostProcess.js:80:1902)
	at n.fire (/ide/out/vs/workbench/api/node/extensionHostProcess.js:80:2119)
	at r.fire (/ide/out/vs/workbench/api/node/extensionHostProcess.js:105:14091)
	at b.value (/ide/out/vs/workbench/api/node/extensionHostProcess.js:173:8050)
	at n.y (/ide/out/vs/workbench/api/node/extensionHostProcess.js:80:1902)
	at n.fire (/ide/out/vs/workbench/api/node/extensionHostProcess.js:80:2119)
	at r.fire (/ide/out/vs/workbench/api/node/extensionHostProcess.js:105:14091)
	at u.z (/ide/out/vs/workbench/api/node/extensionHostProcess.js:105:17156)
	at b.value (/ide/out/vs/workbench/api/node/extensionHostProcess.js:105:15608)
	at n.y (/ide/out/vs/workbench/api/node/extensionHostProcess.js:80:1902)
	at n.fire (/ide/out/vs/workbench/api/node/extensionHostProcess.js:80:2119)
	at b.acceptChunk (/ide/out/vs/workbench/api/node/extensionHostProcess.js:105:11865)
	at b.value (/ide/out/vs/workbench/api/node/extensionHostProcess.js:105:11152)
	at n.y (/ide/out/vs/workbench/api/node/extensionHostProcess.js:80:1902)
	at n.fire (/ide/out/vs/workbench/api/node/extensionHostProcess.js:80:2119)
	at n.z (/ide/out/vs/workbench/api/node/extensionHostProcess.js:170:19748)
2024-03-27 06:08:46.188 [error] Error signing in to GitHub: Error: 5 NOT_FOUND: no token available
2024-03-27 06:08:46.188 [error] Error: 5 NOT_FOUND: no token available
	at t.callErrorFromStatus (/ide/extensions/gitpod-web/out/extension.js:2:271675)
	at Object.onReceiveStatus (/ide/extensions/gitpod-web/out/extension.js:2:296882)
	at Object.onReceiveStatus (/ide/extensions/gitpod-web/out/extension.js:2:292767)
	at Object.onReceiveStatus (/ide/extensions/gitpod-web/out/extension.js:2:292212)
	at /ide/extensions/gitpod-web/out/extension.js:2:376194
	at process.processTicksAndRejections (node:internal/process/task_queues:77:11)
for call at
	at a.makeUnaryRequest (/ide/extensions/gitpod-web/out/extension.js:2:296423)
	at a.getToken (/ide/extensions/gitpod-web/out/extension.js:2:361597)
	at node:internal/util:375:7
	at new Promise (<anonymous>)
	at bound  (node:internal/util:361:12)
	at A.getToken (/ide/extensions/gitpod-web/out/extension.js:2:1045165)
	at c.loginGitHub (/ide/extensions/gitpod-web/out/extension.js:2:1402897)
	at c.createSession (/ide/extensions/gitpod-web/out/extension.js:2:1403147)
	at w.$createSession (/ide/out/vs/workbench/api/node/extensionHostProcess.js:148:55825)
	at s.S (/ide/out/vs/workbench/api/node/extensionHostProcess.js:147:5519)
	at s.Q (/ide/out/vs/workbench/api/node/extensionHostProcess.js:147:5285)
	at s.M (/ide/out/vs/workbench/api/node/extensionHostProcess.js:147:4375)
	at s.L (/ide/out/vs/workbench/api/node/extensionHostProcess.js:147:3454)
	at b.value (/ide/out/vs/workbench/api/node/extensionHostProcess.js:147:2241)
	at n.y (/ide/out/vs/workbench/api/node/extensionHostProcess.js:80:1902)
	at n.fire (/ide/out/vs/workbench/api/node/extensionHostProcess.js:80:2119)
	at r.fire (/ide/out/vs/workbench/api/node/extensionHostProcess.js:105:14091)
	at b.value (/ide/out/vs/workbench/api/node/extensionHostProcess.js:173:8050)
	at n.y (/ide/out/vs/workbench/api/node/extensionHostProcess.js:80:1902)
	at n.fire (/ide/out/vs/workbench/api/node/extensionHostProcess.js:80:2119)
	at r.fire (/ide/out/vs/workbench/api/node/extensionHostProcess.js:105:14091)
	at u.z (/ide/out/vs/workbench/api/node/extensionHostProcess.js:105:17156)
	at b.value (/ide/out/vs/workbench/api/node/extensionHostProcess.js:105:15608)
	at n.y (/ide/out/vs/workbench/api/node/extensionHostProcess.js:80:1902)
	at n.fire (/ide/out/vs/workbench/api/node/extensionHostProcess.js:80:2119)
	at b.acceptChunk (/ide/out/vs/workbench/api/node/extensionHostProcess.js:105:11865)
	at b.value (/ide/out/vs/workbench/api/node/extensionHostProcess.js:105:11152)
	at n.y (/ide/out/vs/workbench/api/node/extensionHostProcess.js:80:1902)
	at n.fire (/ide/out/vs/workbench/api/node/extensionHostProcess.js:80:2119)
	at n.z (/ide/out/vs/workbench/api/node/extensionHostProcess.js:170:19748)
2024-03-27 06:09:14.909 [error] Error signing in to GitHub: Error: 5 NOT_FOUND: no token available
2024-03-27 06:09:14.909 [error] Error: 5 NOT_FOUND: no token available
	at t.callErrorFromStatus (/ide/extensions/gitpod-web/out/extension.js:2:271675)
	at Object.onReceiveStatus (/ide/extensions/gitpod-web/out/extension.js:2:296882)
	at Object.onReceiveStatus (/ide/extensions/gitpod-web/out/extension.js:2:292767)
	at Object.onReceiveStatus (/ide/extensions/gitpod-web/out/extension.js:2:292212)
	at /ide/extensions/gitpod-web/out/extension.js:2:376194
	at process.processTicksAndRejections (node:internal/process/task_queues:77:11)
for call at
	at a.makeUnaryRequest (/ide/extensions/gitpod-web/out/extension.js:2:296423)
	at a.getToken (/ide/extensions/gitpod-web/out/extension.js:2:361597)
	at node:internal/util:375:7
	at new Promise (<anonymous>)
	at bound  (node:internal/util:361:12)
	at A.getToken (/ide/extensions/gitpod-web/out/extension.js:2:1045165)
	at c.loginGitHub (/ide/extensions/gitpod-web/out/extension.js:2:1402897)
	at c.createSession (/ide/extensions/gitpod-web/out/extension.js:2:1403147)
	at w.$createSession (/ide/out/vs/workbench/api/node/extensionHostProcess.js:148:55825)
	at s.S (/ide/out/vs/workbench/api/node/extensionHostProcess.js:147:5519)
	at s.Q (/ide/out/vs/workbench/api/node/extensionHostProcess.js:147:5285)
	at s.M (/ide/out/vs/workbench/api/node/extensionHostProcess.js:147:4375)
	at s.L (/ide/out/vs/workbench/api/node/extensionHostProcess.js:147:3454)
	at b.value (/ide/out/vs/workbench/api/node/extensionHostProcess.js:147:2241)
	at n.y (/ide/out/vs/workbench/api/node/extensionHostProcess.js:80:1902)
	at n.fire (/ide/out/vs/workbench/api/node/extensionHostProcess.js:80:2119)
	at r.fire (/ide/out/vs/workbench/api/node/extensionHostProcess.js:105:14091)
	at b.value (/ide/out/vs/workbench/api/node/extensionHostProcess.js:173:8050)
	at n.y (/ide/out/vs/workbench/api/node/extensionHostProcess.js:80:1902)
	at n.fire (/ide/out/vs/workbench/api/node/extensionHostProcess.js:80:2119)
	at r.fire (/ide/out/vs/workbench/api/node/extensionHostProcess.js:105:14091)
	at u.z (/ide/out/vs/workbench/api/node/extensionHostProcess.js:105:17156)
	at b.value (/ide/out/vs/workbench/api/node/extensionHostProcess.js:105:15608)
	at n.y (/ide/out/vs/workbench/api/node/extensionHostProcess.js:80:1902)
	at n.fire (/ide/out/vs/workbench/api/node/extensionHostProcess.js:80:2119)
	at b.acceptChunk (/ide/out/vs/workbench/api/node/extensionHostProcess.js:105:11865)
	at b.value (/ide/out/vs/workbench/api/node/extensionHostProcess.js:105:11152)
	at n.y (/ide/out/vs/workbench/api/node/extensionHostProcess.js:80:1902)
	at n.fire (/ide/out/vs/workbench/api/node/extensionHostProcess.js:80:2119)
	at n.z (/ide/out/vs/workbench/api/node/extensionHostProcess.js:170:19748)
2024-03-27 06:09:52.241 [error] Error signing in to GitHub: Error: 4 DEADLINE_EXCEEDED: Deadline exceeded
2024-03-27 06:09:52.241 [error] Error: 4 DEADLINE_EXCEEDED: Deadline exceeded
	at t.callErrorFromStatus (/ide/extensions/gitpod-web/out/extension.js:2:271675)
	at Object.onReceiveStatus (/ide/extensions/gitpod-web/out/extension.js:2:296882)
	at Object.onReceiveStatus (/ide/extensions/gitpod-web/out/extension.js:2:292767)
	at Object.onReceiveStatus (/ide/extensions/gitpod-web/out/extension.js:2:292212)
	at /ide/extensions/gitpod-web/out/extension.js:2:376194
	at process.processTicksAndRejections (node:internal/process/task_queues:77:11)
for call at
	at a.makeUnaryRequest (/ide/extensions/gitpod-web/out/extension.js:2:296423)
	at a.getToken (/ide/extensions/gitpod-web/out/extension.js:2:361597)
	at node:internal/util:375:7
	at new Promise (<anonymous>)
	at bound  (node:internal/util:361:12)
	at A.getToken (/ide/extensions/gitpod-web/out/extension.js:2:1045165)
	at c.loginGitHub (/ide/extensions/gitpod-web/out/extension.js:2:1402897)
	at c.createSession (/ide/extensions/gitpod-web/out/extension.js:2:1403147)
	at w.$createSession (/ide/out/vs/workbench/api/node/extensionHostProcess.js:148:55825)
	at s.S (/ide/out/vs/workbench/api/node/extensionHostProcess.js:147:5519)
	at s.Q (/ide/out/vs/workbench/api/node/extensionHostProcess.js:147:5285)
	at s.M (/ide/out/vs/workbench/api/node/extensionHostProcess.js:147:4375)
	at s.L (/ide/out/vs/workbench/api/node/extensionHostProcess.js:147:3454)
	at b.value (/ide/out/vs/workbench/api/node/extensionHostProcess.js:147:2241)
	at n.y (/ide/out/vs/workbench/api/node/extensionHostProcess.js:80:1902)
	at n.fire (/ide/out/vs/workbench/api/node/extensionHostProcess.js:80:2119)
	at r.fire (/ide/out/vs/workbench/api/node/extensionHostProcess.js:105:14091)
	at b.value (/ide/out/vs/workbench/api/node/extensionHostProcess.js:173:8050)
	at n.y (/ide/out/vs/workbench/api/node/extensionHostProcess.js:80:1902)
	at n.fire (/ide/out/vs/workbench/api/node/extensionHostProcess.js:80:2119)
	at r.fire (/ide/out/vs/workbench/api/node/extensionHostProcess.js:105:14091)
	at u.z (/ide/out/vs/workbench/api/node/extensionHostProcess.js:105:17156)
	at b.value (/ide/out/vs/workbench/api/node/extensionHostProcess.js:105:15608)
	at n.y (/ide/out/vs/workbench/api/node/extensionHostProcess.js:80:1902)
	at n.fire (/ide/out/vs/workbench/api/node/extensionHostProcess.js:80:2119)
	at b.acceptChunk (/ide/out/vs/workbench/api/node/extensionHostProcess.js:105:11865)
	at b.value (/ide/out/vs/workbench/api/node/extensionHostProcess.js:105:11152)
	at n.y (/ide/out/vs/workbench/api/node/extensionHostProcess.js:80:1902)
	at n.fire (/ide/out/vs/workbench/api/node/extensionHostProcess.js:80:2119)
	at n.z (/ide/out/vs/workbench/api/node/extensionHostProcess.js:170:19748)
2024-03-27 06:09:52.241 [error] Error signing in to GitHub: Error: 4 DEADLINE_EXCEEDED: Deadline exceeded
2024-03-27 06:09:52.241 [error] Error: 4 DEADLINE_EXCEEDED: Deadline exceeded
	at t.callErrorFromStatus (/ide/extensions/gitpod-web/out/extension.js:2:271675)
	at Object.onReceiveStatus (/ide/extensions/gitpod-web/out/extension.js:2:296882)
	at Object.onReceiveStatus (/ide/extensions/gitpod-web/out/extension.js:2:292767)
	at Object.onReceiveStatus (/ide/extensions/gitpod-web/out/extension.js:2:292212)
	at /ide/extensions/gitpod-web/out/extension.js:2:376194
	at process.processTicksAndRejections (node:internal/process/task_queues:77:11)
for call at
	at a.makeUnaryRequest (/ide/extensions/gitpod-web/out/extension.js:2:296423)
	at a.getToken (/ide/extensions/gitpod-web/out/extension.js:2:361597)
	at node:internal/util:375:7
	at new Promise (<anonymous>)
	at bound  (node:internal/util:361:12)
	at A.getToken (/ide/extensions/gitpod-web/out/extension.js:2:1045165)
	at c.loginGitHub (/ide/extensions/gitpod-web/out/extension.js:2:1402897)
	at c.createSession (/ide/extensions/gitpod-web/out/extension.js:2:1403147)
	at w.$createSession (/ide/out/vs/workbench/api/node/extensionHostProcess.js:148:55825)
	at s.S (/ide/out/vs/workbench/api/node/extensionHostProcess.js:147:5519)
	at s.Q (/ide/out/vs/workbench/api/node/extensionHostProcess.js:147:5285)
	at s.M (/ide/out/vs/workbench/api/node/extensionHostProcess.js:147:4375)
	at s.L (/ide/out/vs/workbench/api/node/extensionHostProcess.js:147:3454)
	at b.value (/ide/out/vs/workbench/api/node/extensionHostProcess.js:147:2241)
	at n.y (/ide/out/vs/workbench/api/node/extensionHostProcess.js:80:1902)
	at n.fire (/ide/out/vs/workbench/api/node/extensionHostProcess.js:80:2119)
	at r.fire (/ide/out/vs/workbench/api/node/extensionHostProcess.js:105:14091)
	at b.value (/ide/out/vs/workbench/api/node/extensionHostProcess.js:173:8050)
	at n.y (/ide/out/vs/workbench/api/node/extensionHostProcess.js:80:1902)
	at n.fire (/ide/out/vs/workbench/api/node/extensionHostProcess.js:80:2119)
	at r.fire (/ide/out/vs/workbench/api/node/extensionHostProcess.js:105:14091)
	at u.z (/ide/out/vs/workbench/api/node/extensionHostProcess.js:105:17156)
	at b.value (/ide/out/vs/workbench/api/node/extensionHostProcess.js:105:15608)
	at n.y (/ide/out/vs/workbench/api/node/extensionHostProcess.js:80:1902)
	at n.fire (/ide/out/vs/workbench/api/node/extensionHostProcess.js:80:2119)
	at b.acceptChunk (/ide/out/vs/workbench/api/node/extensionHostProcess.js:105:11865)
	at b.value (/ide/out/vs/workbench/api/node/extensionHostProcess.js:105:11152)
	at n.y (/ide/out/vs/workbench/api/node/extensionHostProcess.js:80:1902)
	at n.fire (/ide/out/vs/workbench/api/node/extensionHostProcess.js:80:2119)
	at n.z (/ide/out/vs/workbench/api/node/extensionHostProcess.js:170:19748)
2024-03-27 06:10:22.126 [error] Error signing in to GitHub: Error: 5 NOT_FOUND: no token available
2024-03-27 06:10:22.126 [error] Error: 5 NOT_FOUND: no token available
	at t.callErrorFromStatus (/ide/extensions/gitpod-web/out/extension.js:2:271675)
	at Object.onReceiveStatus (/ide/extensions/gitpod-web/out/extension.js:2:296882)
	at Object.onReceiveStatus (/ide/extensions/gitpod-web/out/extension.js:2:292767)
	at Object.onReceiveStatus (/ide/extensions/gitpod-web/out/extension.js:2:292212)
	at /ide/extensions/gitpod-web/out/extension.js:2:376194
	at process.processTicksAndRejections (node:internal/process/task_queues:77:11)
for call at
	at a.makeUnaryRequest (/ide/extensions/gitpod-web/out/extension.js:2:296423)
	at a.getToken (/ide/extensions/gitpod-web/out/extension.js:2:361597)
	at node:internal/util:375:7
	at new Promise (<anonymous>)
	at bound  (node:internal/util:361:12)
	at A.getToken (/ide/extensions/gitpod-web/out/extension.js:2:1045165)
	at c.loginGitHub (/ide/extensions/gitpod-web/out/extension.js:2:1402897)
	at c.createSession (/ide/extensions/gitpod-web/out/extension.js:2:1403147)
	at w.$createSession (/ide/out/vs/workbench/api/node/extensionHostProcess.js:148:55825)
	at s.S (/ide/out/vs/workbench/api/node/extensionHostProcess.js:147:5519)
	at s.Q (/ide/out/vs/workbench/api/node/extensionHostProcess.js:147:5285)
	at s.M (/ide/out/vs/workbench/api/node/extensionHostProcess.js:147:4375)
	at s.L (/ide/out/vs/workbench/api/node/extensionHostProcess.js:147:3454)
	at b.value (/ide/out/vs/workbench/api/node/extensionHostProcess.js:147:2241)
	at n.y (/ide/out/vs/workbench/api/node/extensionHostProcess.js:80:1902)
	at n.fire (/ide/out/vs/workbench/api/node/extensionHostProcess.js:80:2119)
	at r.fire (/ide/out/vs/workbench/api/node/extensionHostProcess.js:105:14091)
	at b.value (/ide/out/vs/workbench/api/node/extensionHostProcess.js:173:8050)
	at n.y (/ide/out/vs/workbench/api/node/extensionHostProcess.js:80:1902)
	at n.fire (/ide/out/vs/workbench/api/node/extensionHostProcess.js:80:2119)
	at r.fire (/ide/out/vs/workbench/api/node/extensionHostProcess.js:105:14091)
	at u.z (/ide/out/vs/workbench/api/node/extensionHostProcess.js:105:17156)
	at b.value (/ide/out/vs/workbench/api/node/extensionHostProcess.js:105:15608)
	at n.y (/ide/out/vs/workbench/api/node/extensionHostProcess.js:80:1902)
	at n.fire (/ide/out/vs/workbench/api/node/extensionHostProcess.js:80:2119)
	at b.acceptChunk (/ide/out/vs/workbench/api/node/extensionHostProcess.js:105:11865)
	at b.value (/ide/out/vs/workbench/api/node/extensionHostProcess.js:105:11152)
	at n.y (/ide/out/vs/workbench/api/node/extensionHostProcess.js:80:1902)
	at n.fire (/ide/out/vs/workbench/api/node/extensionHostProcess.js:80:2119)
	at n.z (/ide/out/vs/workbench/api/node/extensionHostProcess.js:170:19748)
2024-03-27 06:10:32.775 [error] Error signing in to GitHub: Error: 5 NOT_FOUND: no token available
2024-03-27 06:10:32.775 [error] Error: 5 NOT_FOUND: no token available
	at t.callErrorFromStatus (/ide/extensions/gitpod-web/out/extension.js:2:271675)
	at Object.onReceiveStatus (/ide/extensions/gitpod-web/out/extension.js:2:296882)
	at Object.onReceiveStatus (/ide/extensions/gitpod-web/out/extension.js:2:292767)
	at Object.onReceiveStatus (/ide/extensions/gitpod-web/out/extension.js:2:292212)
	at /ide/extensions/gitpod-web/out/extension.js:2:376194
	at process.processTicksAndRejections (node:internal/process/task_queues:77:11)
for call at
	at a.makeUnaryRequest (/ide/extensions/gitpod-web/out/extension.js:2:296423)
	at a.getToken (/ide/extensions/gitpod-web/out/extension.js:2:361597)
	at node:internal/util:375:7
	at new Promise (<anonymous>)
	at bound  (node:internal/util:361:12)
	at A.getToken (/ide/extensions/gitpod-web/out/extension.js:2:1045165)
	at c.loginGitHub (/ide/extensions/gitpod-web/out/extension.js:2:1402897)
	at c.createSession (/ide/extensions/gitpod-web/out/extension.js:2:1403147)
	at w.$createSession (/ide/out/vs/workbench/api/node/extensionHostProcess.js:148:55825)
	at s.S (/ide/out/vs/workbench/api/node/extensionHostProcess.js:147:5519)
	at s.Q (/ide/out/vs/workbench/api/node/extensionHostProcess.js:147:5285)
	at s.M (/ide/out/vs/workbench/api/node/extensionHostProcess.js:147:4375)
	at s.L (/ide/out/vs/workbench/api/node/extensionHostProcess.js:147:3454)
	at b.value (/ide/out/vs/workbench/api/node/extensionHostProcess.js:147:2241)
	at n.y (/ide/out/vs/workbench/api/node/extensionHostProcess.js:80:1902)
	at n.fire (/ide/out/vs/workbench/api/node/extensionHostProcess.js:80:2119)
	at r.fire (/ide/out/vs/workbench/api/node/extensionHostProcess.js:105:14091)
	at b.value (/ide/out/vs/workbench/api/node/extensionHostProcess.js:173:8050)
	at n.y (/ide/out/vs/workbench/api/node/extensionHostProcess.js:80:1902)
	at n.fire (/ide/out/vs/workbench/api/node/extensionHostProcess.js:80:2119)
	at r.fire (/ide/out/vs/workbench/api/node/extensionHostProcess.js:105:14091)
	at u.z (/ide/out/vs/workbench/api/node/extensionHostProcess.js:105:17156)
	at b.value (/ide/out/vs/workbench/api/node/extensionHostProcess.js:105:15608)
	at n.y (/ide/out/vs/workbench/api/node/extensionHostProcess.js:80:1902)
	at n.fire (/ide/out/vs/workbench/api/node/extensionHostProcess.js:80:2119)
	at b.acceptChunk (/ide/out/vs/workbench/api/node/extensionHostProcess.js:105:11865)
	at b.value (/ide/out/vs/workbench/api/node/extensionHostProcess.js:105:11152)
	at n.y (/ide/out/vs/workbench/api/node/extensionHostProcess.js:80:1902)
	at n.fire (/ide/out/vs/workbench/api/node/extensionHostProcess.js:80:2119)
	at n.z (/ide/out/vs/workbench/api/node/extensionHostProcess.js:170:19748)
2024-03-27 06:13:28.731 [info] Found GitHub remote for folder /workspace/project
2024-03-27 06:13:29.006 [info] Trying to use globalState for assignableUsers.
2024-03-27 06:13:29.210 [info] GlobalState does not exist for assignableUsers.
2024-03-27 06:13:29.728 [info] Review+0> Validate state in progress
2024-03-27 06:13:29.728 [info] Review+0> Validating state...
2024-03-27 06:13:30.023 [info] Found GitHub remote for folder /workspace/project
2024-03-27 06:13:30.024 [info] Using in-memory cached assignable users.
2024-03-27 06:13:30.037 [info] Review+0> No matching pull request metadata found locally for current branch main
2024-03-27 06:13:30.825 [info] Review+0> No matching pull request metadata found on GitHub for current branch main
